"../../../Engine/Content/Animation/DefaultAnimCurveCompressionSettings.uasset" 0
"../../../Engine/Content/Functions/Engine_MaterialFunctions01/Opacity/CameraDepthFade.uasset" 1
"../../../Engine/Content/EngineMaterials/T_Default_Material_Grid_M.uasset" 2
"../../../Engine/Content/EngineMaterials/T_Default_Material_Grid_N.uasset" 3
"../../../Engine/Content/EngineMaterials/WorldGridMaterial.uasset" 4
"../../../Engine/Content/ArtTools/RenderToTexture/Meshes/S_1_Unit_Plane.uasset" 5
"../../../Engine/Content/BasicShapes/BasicShapeMaterial.uasset" 6
"../../../Engine/Content/EngineMaterials/DefaultMaterial.uasset" 7
"../../../Engine/Content/BasicShapes/Cone.uasset" 8
"../../../Engine/Content/BasicShapes/Cube.uasset" 9
"../../../Engine/Content/BasicShapes/Cylinder.uasset" 10
"../../../Engine/Content/BasicShapes/Plane.uasset" 11
"../../../Engine/Content/BasicShapes/Sphere.uasset" 12
"../../../Engine/Content/EngineMaterials/DefaultPhysicalMaterial.uasset" 13
"../../../Engine/Content/BufferVisualization/AmbientOcclusion.uasset" 14
"../../../Engine/Content/BufferVisualization/BaseColor.uasset" 15
"../../../Engine/Content/BufferVisualization/CustomDepth.uasset" 16
"../../../Engine/Content/Functions/Engine_MaterialFunctions02/Utility/VectorLength.uasset" 17
"../../../Engine/Content/BufferVisualization/CustomDepthWorldUnits.uasset" 18
"../../../Engine/Content/Functions/Engine_MaterialFunctions02/Utility/BreakOutFloat2Components.uasset" 19
"../../../Engine/Content/Functions/Engine_MaterialFunctions01/Texturing/ScaleUVsByCenter.uasset" 20
"../../../Engine/Content/Functions/Engine_MaterialFunctions02/ScreenResolution.uasset" 21
"../../../Engine/Content/Functions/Engine_MaterialFunctions02/Texturing/ScreenAlignedUVs.uasset" 22
"../../../Engine/Content/Functions/Engine_MaterialFunctions02/Utility/MakeFloat2.uasset" 23
"../../../Engine/Content/Functions/Engine_MaterialFunctions02/Utility/MakeFloat3.uasset" 24
"../../../Engine/Content/EngineMaterials/MiniFont.uasset" 25
"../../../Engine/Content/BufferVisualization/CustomStencil.uasset" 26
"../../../Engine/Content/BufferVisualization/FinalImage.uasset" 27
"../../../Engine/Content/BufferVisualization/LightingModel.uasset" 28
"../../../Engine/Content/BufferVisualization/MaterialAO.uasset" 29
"../../../Engine/Content/BufferVisualization/Metallic.uasset" 30
"../../../Engine/Content/BufferVisualization/Opacity.uasset" 31
"../../../Engine/Content/BufferVisualization/PostTonemapHDRColor.uasset" 32
"../../../Engine/Content/BufferVisualization/PreTonemapHDRColor.uasset" 33
"../../../Engine/Content/BufferVisualization/Roughness.uasset" 34
"../../../Engine/Content/BufferVisualization/SceneColor.uasset" 35
"../../../Engine/Content/BufferVisualization/SceneDepth.uasset" 36
"../../../Engine/Content/BufferVisualization/SceneDepthWorldUnits.uasset" 37
"../../../Engine/Content/BufferVisualization/SeparateTranslucencyA.uasset" 38
"../../../Engine/Content/BufferVisualization/SeparateTranslucencyRGB.uasset" 39
"../../../Engine/Content/BufferVisualization/Specular.uasset" 40
"../../../Engine/Content/BufferVisualization/SubsurfaceColor.uasset" 41
"../../../Engine/Content/BufferVisualization/Velocity.uasset" 42
"../../../Engine/Content/BufferVisualization/WorldNormal.uasset" 43
"../../../Engine/Content/EditorLandscapeResources/DataLayer.uasset" 44
"../../../Engine/Content/EditorLandscapeResources/DefaultAlphaTexture.uasset" 45
"../../../Engine/Content/EditorLandscapeResources/LandscapeGizmoHeight_Mat.uasset" 46
"../../../Engine/Content/EditorLandscapeResources/LandscapeGizmo_Mat.uasset" 47
"../../../Engine/Content/EditorLandscapeResources/LandscapeGizmo_Mat_Copied.uasset" 48
"../../../Engine/Content/EditorLandscapeResources/SplineEditorMeshMat.uasset" 49
"../../../Engine/Content/EditorLandscapeResources/SplineEditorMesh.uasset" 50
"../../../Engine/Content/EditorMaterials/Cross.uasset" 51
"../../../Engine/Content/EditorMaterials/Cross_Mat.uasset" 52
"../../../Engine/Content/EditorMaterials/GizmoMaterial.uasset" 53
"../../../Engine/Content/Functions/Engine_MaterialFunctions02/ExampleContent/Textures/flipbook.uasset" 54
"../../../Engine/Content/Functions/Engine_MaterialFunctions02/Texturing/FlipBook.uasset" 55
"../../../Engine/Content/Functions/Engine_MaterialFunctions02/Utility/Sign.uasset" 56
"../../../Engine/Content/Functions/Engine_MaterialFunctions02/Utility/Round.uasset" 57
"../../../Engine/Content/EditorResources/T_EditorHelp.uasset" 58
"../../../Engine/Content/EditorMaterials/HelpActorMaterial.uasset" 59
"../../../Engine/Content/EditorMaterials/CompositeARGBLayer.uasset" 60
"../../../Engine/Content/EditorMaterials/TilingAALineIntegral.uasset" 61
"../../../Engine/Content/EditorMaterials/TilingAALineBoxFiltered.uasset" 62
"../../../Engine/Content/Functions/Engine_MaterialFunctions03/Procedurals/ComputeFilterWidth.uasset" 63
"../../../Engine/Content/EditorMaterials/TilingAADots.uasset" 64
"../../../Engine/Content/EngineMaterials/BlendFunc_DefBase.uasset" 65
"../../../Engine/Content/EngineMaterials/BlendFunc_DefBlend.uasset" 66
"../../../Engine/Content/Functions/Engine_MaterialFunctions03/Blends/Blend_Screen.uasset" 67
"../../../Engine/Content/EditorMaterials/TilingAAGrid.uasset" 68
"../../../Engine/Content/EditorMaterials/LevelGridMaterial.uasset" 69
"../../../Engine/Content/EditorMaterials/MakeCompositeARGBLayer.uasset" 70
"../../../Engine/Content/EditorResources/LevelGrid1DStripes.uasset" 71
"../../../Engine/Content/EditorMaterials/TextureGridCascaded1D.uasset" 72
"../../../Engine/Content/EditorMaterials/TextureGridCascaded2D.uasset" 73
"../../../Engine/Content/EditorMaterials/LevelGridMaterial2.uasset" 74
"../../../Engine/Content/EditorMaterials/MAT_Groups_Toggle.uasset" 75
"../../../Engine/Content/EditorMaterials/MAT_Groups_Visibility.uasset" 76
"../../../Engine/Content/EditorMaterials/PhAT_BoneSelectedMaterial.uasset" 77
"../../../Engine/Content/EditorMaterials/PhAT_ElemSelectedMaterial.uasset" 78
"../../../Engine/Content/EditorMaterials/PhAT_NoCollisionMaterial.uasset" 79
"../../../Engine/Content/EditorMaterials/PhAT_UnselectedMaterial.uasset" 80
"../../../Engine/Content/EditorMaterials/PreviewShadowIndicator.uasset" 81
"../../../Engine/Content/EditorMaterials/PreviewShadowIndicatorMaterial.uasset" 82
"../../../Engine/Content/EditorMaterials/TargetIcon.uasset" 83
"../../../Engine/Content/EditorMaterials/Tick.uasset" 84
"../../../Engine/Content/EditorMaterials/Tick_Mat.uasset" 85
"../../../Engine/Content/EditorMaterials/WidgetGridVertexColorMaterial.uasset" 86
"../../../Engine/Content/EditorMaterials/WidgetGridVertexColorMaterial_Ma.uasset" 87
"../../../Engine/Content/EditorMaterials/WidgetMaterial.uasset" 88
"../../../Engine/Content/EditorMaterials/WidgetMaterial_Current.uasset" 89
"../../../Engine/Content/EditorMaterials/WidgetMaterial_X.uasset" 90
"../../../Engine/Content/EditorMaterials/WidgetMaterial_Y.uasset" 91
"../../../Engine/Content/EditorMaterials/WidgetMaterial_Z.uasset" 92
"../../../Engine/Content/EditorMaterials/WidgetVertexColorMaterial.uasset" 93
"../../../Engine/Content/EditorMaterials/MatineeGroups/MAT_ColorTrack.uasset" 94
"../../../Engine/Content/EditorMaterials/MatineeGroups/MAT_Groups_Anim.uasset" 95
"../../../Engine/Content/EditorMaterials/MatineeGroups/MAT_Groups_AudioMaster.uasset" 96
"../../../Engine/Content/EditorMaterials/MatineeGroups/MAT_Groups_Director.uasset" 97
"../../../Engine/Content/EditorMaterials/MatineeGroups/MAT_Groups_Event.uasset" 98
"../../../Engine/Content/EditorMaterials/MatineeGroups/MAT_Groups_Fade.uasset" 99
"../../../Engine/Content/EditorMaterials/MatineeGroups/MAT_Groups_Float.uasset" 100
"../../../Engine/Content/EditorMaterials/MatineeGroups/MAT_Groups_Move.uasset" 101
"../../../Engine/Content/EditorMaterials/MatineeGroups/MAT_Groups_Slomo.uasset" 102
"../../../Engine/Content/EditorMaterials/MatineeGroups/MAT_Groups_Sound.uasset" 103
"../../../Engine/Content/EditorMaterials/MatineeGroups/MAT_Groups_Vector.uasset" 104
"../../../Engine/Content/EditorMaterials/ParticleSystems/PSysThumbnail_NoImage.uasset" 105
"../../../Engine/Content/EditorMaterials/ParticleSystems/PSysThumbnail_OOD.uasset" 106
"../../../Engine/Content/EngineMaterials/Grid.uasset" 107
"../../../Engine/Content/EditorMaterials/Thumbnails/FloorPlaneMaterial.uasset" 108
"../../../Engine/Content/EditorMeshes/EditorCube.uasset" 109
"../../../Engine/Content/EditorMeshes/EditorCylinder.uasset" 110
"../../../Engine/Content/EditorMeshes/EditorPlane.uasset" 111
"../../../Engine/Content/EditorMaterials/Thumbnails/SkySphereMaterial.uasset" 112
"../../../Engine/Content/EditorMeshes/EditorSkySphere.uasset" 113
"../../../Engine/Content/EditorMeshes/EditorSphere.uasset" 114
"../../../Engine/Content/EditorResources/MatineeCam_D.uasset" 115
"../../../Engine/Content/EditorMaterials/MatineeCam_mat.uasset" 116
"../../../Engine/Content/EditorMeshes/MatineeCam_SM.uasset" 117
"../../../Engine/Content/EditorMeshes/PlanarReflectionPlane.uasset" 118
"../../../Engine/Content/EditorMaterials/Camera/CineMat.uasset" 119
"../../../Engine/Content/EditorMaterials/Camera/MI_CineMat_CameraBody.uasset" 120
"../../../Engine/Content/EngineDebugMaterials/M_SimpleOpaque.uasset" 121
"../../../Engine/Content/EditorMaterials/Camera/MI_CineMat_CamViewFinder.uasset" 122
"../../../Engine/Content/EditorMeshes/Camera/SM_CineCam.uasset" 123
"../../../Engine/Content/EditorMaterials/Camera/MI_CineMat_Rig.uasset" 124
"../../../Engine/Content/EditorMeshes/Camera/SM_CraneRig_Arm.uasset" 125
"../../../Engine/Content/EditorMeshes/Camera/SM_CraneRig_Base.uasset" 126
"../../../Engine/Content/EditorMeshes/Camera/SM_CraneRig_Body.uasset" 127
"../../../Engine/Content/EditorMeshes/Camera/SM_CraneRig_Mount.uasset" 128
"../../../Engine/Content/EditorMeshes/Camera/SM_RailRig_Mount.uasset" 129
"../../../Engine/Content/EditorMeshes/Camera/SM_RailRig_Track.uasset" 130
"../../../Engine/Content/EditorMeshes/ColorCalibrator/M_ChromeBall.uasset" 131
"../../../Engine/Content/EditorResources/Bad.uasset" 132
"../../../Engine/Content/EditorResources/BSPVertex.uasset" 133
"../../../Engine/Content/EditorResources/MatInstActSprite.uasset" 134
"../../../Engine/Content/EditorResources/SceneManager.uasset" 135
"../../../Engine/Content/EditorResources/SmallFont.uasset" 136
"../../../Engine/Content/EditorResources/S_Actor.uasset" 137
"../../../Engine/Content/EditorResources/S_DecalActorIcon.uasset" 138
"../../../Engine/Content/EditorResources/S_Emitter.uasset" 139
"../../../Engine/Content/EditorResources/S_ExpoHeightFog.uasset" 140
"../../../Engine/Content/EditorResources/S_FTest.uasset" 141
"../../../Engine/Content/EditorResources/S_KBSJoint.uasset" 142
"../../../Engine/Content/EditorResources/S_KHinge.uasset" 143
"../../../Engine/Content/EditorResources/S_KPrismatic.uasset" 144
"../../../Engine/Content/EditorResources/S_LevelSequence.uasset" 145
"../../../Engine/Content/EditorResources/S_NavP.uasset" 146
"../../../Engine/Content/EditorResources/S_Note.uasset" 147
"../../../Engine/Content/EditorResources/S_Player.uasset" 148
"../../../Engine/Content/EditorResources/S_PortalActorIcon2.uasset" 149
"../../../Engine/Content/EditorResources/S_RadForce.uasset" 150
"../../../Engine/Content/EditorResources/S_ReflActorIcon.uasset" 151
"../../../Engine/Content/EditorResources/S_Solver.uasset" 152
"../../../Engine/Content/EditorResources/S_Terrain.uasset" 153
"../../../Engine/Content/EditorResources/S_TextRenderActorIcon.uasset" 154
"../../../Engine/Content/EditorResources/S_Thruster.uasset" 155
"../../../Engine/Content/EditorResources/S_Trigger.uasset" 156
"../../../Engine/Content/EditorResources/S_VectorFieldVol.uasset" 157
"../../../Engine/Content/EditorResources/S_WindDirectional.uasset" 158
"../../../Engine/Content/EditorResources/AI/S_NavLink.uasset" 159
"../../../Engine/Content/EditorResources/LightIcons/SkyLight.uasset" 160
"../../../Engine/Content/EditorResources/LightIcons/S_LightDirectional.uasset" 161
"../../../Engine/Content/EditorResources/LightIcons/S_LightDirectionalMove.uasset" 162
"../../../Engine/Content/EditorResources/LightIcons/S_LightError.uasset" 163
"../../../Engine/Content/EditorResources/LightIcons/S_LightPoint.uasset" 164
"../../../Engine/Content/EditorResources/LightIcons/S_LightPointMove.uasset" 165
"../../../Engine/Content/EditorResources/LightIcons/S_LightSpot.uasset" 166
"../../../Engine/Content/EditorResources/LightIcons/S_LightSpotMove.uasset" 167
"../../../Engine/Content/EditorResources/SequenceRecorder/Countdown.uasset" 168
"../../../Engine/Content/EditorResources/SequenceRecorder/RecordingIndicator.uasset" 169
"../../../Engine/Content/EditorResources/Spline/T_Loft_Spline.uasset" 170
"../../../Engine/Content/EditorSounds/Notifications/CompileFailed.uasset" 171
"../../../Engine/Content/EditorSounds/Notifications/CompileFailed_Cue.uasset" 172
"../../../Engine/Content/EditorSounds/Notifications/CompileSuccess.uasset" 173
"../../../Engine/Content/EditorSounds/Notifications/CompileStart_Cue.uasset" 174
"../../../Engine/Content/EditorSounds/Notifications/CompileSuccess_Cue.uasset" 175
"../../../Engine/Content/EngineDamageTypes/DmgTypeBP_Environmental.uasset" 176
"../../../Engine/Content/EngineDebugMaterials/HeatmapGradient.uasset" 177
"../../../Engine/Content/EngineDebugMaterials/BoneWeightMaterial.uasset" 178
"../../../Engine/Content/EngineDebugMaterials/ClothMaterial.uasset" 179
"../../../Engine/Content/EngineDebugMaterials/ClothMaterial_WF.uasset" 180
"../../../Engine/Content/EngineDebugMaterials/DebugEditorMaterial.uasset" 181
"../../../Engine/Content/EngineDebugMaterials/DebugMeshMaterial.uasset" 182
"../../../Engine/Content/EngineDebugMaterials/GeomMaterial.uasset" 183
"../../../Engine/Content/Functions/Engine_MaterialFunctions01/Shading/ConvertFromDiffSpec.uasset" 184
"../../../Engine/Content/EngineDebugMaterials/LevelColorationLitMaterial.uasset" 185
"../../../Engine/Content/EngineDebugMaterials/LevelColorationUnlitMaterial.uasset" 186
"../../../Engine/Content/EngineMaterials/DefaultWhiteGrid.uasset" 187
"../../../Engine/Content/EngineDebugMaterials/MAT_LevelColorationLitLightmapUV.uasset" 188
"../../../Engine/Content/EngineDebugMaterials/M_SimpleTranslucent.uasset" 189
"../../../Engine/Content/Functions/Engine_MaterialFunctions02/Utility/CameraDirectionVector.uasset" 190
"../../../Engine/Content/EngineDebugMaterials/VolumeToRender.uasset" 191
"../../../Engine/Content/EngineDebugMaterials/M_VolumeRenderSphereTracePP.uasset" 192
"../../../Engine/Content/EngineDebugMaterials/ShadedLevelColorationLitMaterial.uasset" 193
"../../../Engine/Content/EngineDebugMaterials/ShadedLevelColorationUnlitMateri.uasset" 194
"../../../Engine/Content/EngineDebugMaterials/VertexColorMaterial.uasset" 195
"../../../Engine/Content/EngineDebugMaterials/VertexColorViewMode_AlphaAsColor.uasset" 196
"../../../Engine/Content/EngineDebugMaterials/VertexColorViewMode_BlueOnly.uasset" 197
"../../../Engine/Content/EngineDebugMaterials/VertexColorViewMode_ColorOnly.uasset" 198
"../../../Engine/Content/EngineDebugMaterials/VertexColorViewMode_GreenOnly.uasset" 199
"../../../Engine/Content/EngineDebugMaterials/VertexColorViewMode_RedOnly.uasset" 200
"../../../Engine/Content/EngineDebugMaterials/WireframeMaterial.uasset" 201
"../../../Engine/Content/EngineFonts/Faces/RobotoBold.uasset" 202
"../../../Engine/Content/EngineFonts/Faces/RobotoBoldItalic.uasset" 203
"../../../Engine/Content/EngineFonts/Faces/RobotoItalic.uasset" 204
"../../../Engine/Content/EngineFonts/Faces/RobotoLight.uasset" 205
"../../../Engine/Content/EngineFonts/Faces/RobotoRegular.uasset" 206
"../../../Engine/Content/EngineFonts/Roboto.uasset" 207
"../../../Engine/Content/EngineFonts/SmallFont.uasset" 208
"../../../Engine/Content/EngineFonts/TinyFont.uasset" 209
"../../../Engine/Content/EngineMaterials/BaseFlattenDiffuseMap.uasset" 210
"../../../Engine/Content/EngineMaterials/BaseFlattenEmissiveMap.uasset" 211
"../../../Engine/Content/EngineMaterials/BaseFlattenGrayscaleMap.uasset" 212
"../../../Engine/Content/EngineMaterials/BaseFlattenNormalMap.uasset" 213
"../../../Engine/Content/EngineMaterials/BaseFlattenMaterial.uasset" 214
"../../../Engine/Content/EngineResources/WhiteSquareTexture.uasset" 215
"../../../Engine/Content/EngineMaterials/BlinkingCaret.uasset" 216
"../../../Engine/Content/EngineMaterials/BlueNoise.uasset" 217
"../../../Engine/Content/EngineMaterials/DefaultBloomKernel.uasset" 218
"../../../Engine/Content/EngineMaterials/DefaultBokeh.uasset" 219
"../../../Engine/Content/EngineMaterials/DefaultDiffuse.uasset" 220
"../../../Engine/Content/EngineMaterials/DefaultDeferredDecalMaterial.uasset" 221
"../../../Engine/Content/EngineMaterials/DefaultLightFunctionMaterial.uasset" 222
"../../../Engine/Content/EngineMaterials/DefaultNormal.uasset" 223
"../../../Engine/Content/EngineMaterials/DefaultPostProcessMaterial.uasset" 224
"../../../Engine/Content/EngineFonts/RobotoDistanceField.uasset" 225
"../../../Engine/Content/EngineMaterials/DefaultTextMaterialOpaque.uasset" 226
"../../../Engine/Content/EngineMaterials/DefaultVirtualTextureMaterial.uasset" 227
"../../../Engine/Content/EngineMaterials/EditorBrushMaterial.uasset" 228
"../../../Engine/Content/EngineMaterials/DefaultWhiteGrid_Low.uasset" 229
"../../../Engine/Content/EngineMaterials/EmissiveMeshMaterial.uasset" 230
"../../../Engine/Content/EngineMaterials/HighResolutionScreenshotMaskFunction.uasset" 231
"../../../Engine/Content/EngineMaterials/HighResScreenshot.uasset" 232
"../../../Engine/Content/EngineMaterials/HighResScreenshotCaptureRegion.uasset" 233
"../../../Engine/Content/EngineMaterials/HighResScreenshotMask.uasset" 234
"../../../Engine/Content/EngineMaterials/LandscapeHolePhysicalMaterial.uasset" 235
"../../../Engine/Content/EngineMaterials/InvalidLightmapSettings.uasset" 236
"../../../Engine/Content/EngineMaterials/M_InvalidLightmapSettings.uasset" 237
"../../../Engine/Content/EngineMaterials/PaperDiffuse.uasset" 238
"../../../Engine/Content/EngineMaterials/PaperNormal.uasset" 239
"../../../Engine/Content/Functions/Engine_MaterialFunctions02/WorldPositionOffset/CameraOffset.uasset" 240
"../../../Engine/Content/EngineMaterials/PhAT_JointLimitMaterial.uasset" 241
"../../../Engine/Content/EngineMaterials/PhysMat_Rubber.uasset" 242
"../../../Engine/Content/EngineMaterials/PreintegratedSkinBRDF.uasset" 243
"../../../Engine/Content/EngineMaterials/RemoveSurfaceMaterial.uasset" 244
"../../../Engine/Content/EngineMaterials/WeightMapPlaceholderTexture.uasset" 245
"../../../Engine/Content/EngineMaterials/Widget3DPassThrough.uasset" 246
"../../../Engine/Content/EngineMaterials/Widget3DPassThrough_Masked.uasset" 247
"../../../Engine/Content/EngineMaterials/Widget3DPassThrough_Opaque.uasset" 248
"../../../Engine/Content/EngineMaterials/Widget3DPassThrough_Masked_OneSided.uasset" 249
"../../../Engine/Content/EngineMaterials/Widget3DPassThrough_Opaque_OneSided.uasset" 250
"../../../Engine/Content/EngineMaterials/Widget3DPassThrough_Translucent.uasset" 251
"../../../Engine/Content/EngineMaterials/Widget3DPassThrough_Translucent_OneSided.uasset" 252
"../../../Engine/Content/EngineMeshes/Cylinder.uasset" 253
"../../../Engine/Content/EngineMeshes/Sphere.uasset" 254
"../../../Engine/Content/EngineResources/Black.uasset" 255
"../../../Engine/Content/EngineResources/DefaultTexture.uasset" 256
"../../../Engine/Content/EngineResources/DefaultTextureCube.uasset" 257
"../../../Engine/Content/EngineResources/DefaultVolumeTexture2D.uasset" 258
"../../../Engine/Content/EngineResources/DefaultVolumeTexture.uasset" 259
"../../../Engine/Content/EngineResources/GradientTexture0.uasset" 260
"../../../Engine/Content/EngineResources/StreamingPauseIcon.uasset" 261
"../../../Engine/Content/EngineResources/M_StreamingPause.uasset" 262
"../../../Engine/Content/EditorBlueprintResources/StandardMacros.uasset" 263
"../../../Engine/Content/EngineSky/C_Sky_Cloud_Color.uasset" 264
"../../../Engine/Content/EngineSky/C_Sky_Horizon_Color.uasset" 265
"../../../Engine/Content/EngineSky/C_Sky_Zenith_Color.uasset" 266
"../../../Engine/Content/EngineSky/T_Sky_Blue.uasset" 267
"../../../Engine/Content/EngineSky/T_Sky_Clouds_M.uasset" 268
"../../../Engine/Content/EngineSky/T_Sky_Stars.uasset" 269
"../../../Engine/Content/EngineSky/M_Sky_Panning_Clouds2.uasset" 270
"../../../Engine/Content/EngineSky/SM_SkySphere.uasset" 271
"../../../Engine/Content/EngineSky/BP_Sky_Sphere.uasset" 272
"../../../Engine/Content/EngineSounds/Master.uasset" 273
"../../../Engine/Content/Functions/Engine_MaterialFunctions01/Shading/PowerToRoughness.uasset" 274
"../../../Engine/Content/Maps/Templates/Thumbnails/Default.uasset" 275
"../../../Engine/Content/Maps/Templates/Thumbnails/VR-Basic.uasset" 276
"../../../Engine/Content/MapTemplates/SM_Template_Map_Floor.uasset" 277
"../../../Engine/Content/MapTemplates/Sky/DaylightAmbientCubemap.uasset" 278
"../../../Engine/Content/MobileResources/T_MobileControls_texture.uasset" 279
"../../../Engine/Content/MobileResources/T_MobileMenu2.uasset" 280
"../../../Engine/Content/MobileResources/HUD/AnalogHat.uasset" 281
"../../../Engine/Content/MobileResources/HUD/VirtualJoystick_Background.uasset" 282
"../../../Engine/Content/MobileResources/HUD/VirtualJoystick_Thumb.uasset" 283
"../../../Engine/Content/MobileResources/HUD/DefaultVirtualJoysticks.uasset" 284
"../../../Engine/Content/MobileResources/HUD/LeftVirtualJoystickOnly.uasset" 285
"../../../Engine/Content/MobileResources/HUD/MobileHUDButton1_off.uasset" 286
"../../../Engine/Content/MobileResources/HUD/MobileHUDButton1_on.uasset" 287
"../../../Engine/Content/MobileResources/HUD/MobileHUDButton2_off.uasset" 288
"../../../Engine/Content/MobileResources/HUD/MobileHUDButton2_on.uasset" 289
"../../../Engine/Content/MobileResources/HUD/MobileHUDButton3.uasset" 290
"../../../Engine/Content/MobileResources/HUD/MobileHUDButtonFire.uasset" 291
"../../../Engine/Content/MobileResources/HUD/MobileHUDDirectionPad.uasset" 292
"../../../Engine/Content/MobileResources/HUD/MobileHUDDirectionPad2.uasset" 293
"../../../Engine/Content/MobileResources/HUD/MobileHUDDirectionPad3.uasset" 294
"../../../Engine/Content/MobileResources/HUD/MobileHUDDirectionStick.uasset" 295
"../../../Engine/Content/MobileResources/HUD/T_Castle_ThumbstickInner.uasset" 296
"../../../Engine/Content/MobileResources/HUD/T_Castle_ThumbstickOutter.uasset" 297
"../../../Engine/Content/Tutorial/ContentIntroCurve.uasset" 298
"../../../Engine/Content/Tutorial/Basics/LevelEditorAttract.uasset" 299
"../../../Engine/Content/Tutorial/Basics/TutorialAssets/icon_tab_Levels_40x.uasset" 300
"../../../Engine/Content/Tutorial/Basics/LevelEditorOverview.uasset" 301
"../../../Engine/Content/Tutorial/Landscape/TutorialAssets/Landscape.uasset" 302
"../../../Engine/Content/Tutorial/Landscape/LandscapeWalkThrough.uasset" 303
"../../../Engine/Content/Tutorial/Landscape/Landscape_Manage_Mode.uasset" 304
"../../../Engine/Content/Tutorial/Landscape/Landscape_Painting_Mode.uasset" 305
"../../../Engine/Content/Tutorial/Landscape/Landscape_Sculpt_Mode.uasset" 306
"../../../Engine/Content/VREditor/LaserPointer/VR_LaserPower_01.uasset" 307
"../../../Engine/Content/VREditor/TransformGizmo/TransformGizmoMaterial.uasset" 308
"../../../Engine/Content/VREditor/TransformGizmo/TranslucentTransformGizmoMaterial.uasset" 309
"../../../Engine/Content/VREditor/TransformGizmo/BoundingBoxCorner.uasset" 310
"../../../Engine/Content/VREditor/TransformGizmo/PlaneTranslationHandle.uasset" 311
"../../../Engine/Content/VREditor/TransformGizmo/Main.uasset" 312
"../../../Engine/Content/VREditor/TransformGizmo/Xray.uasset" 313
"../../../Engine/Content/VREditor/TransformGizmo/SM_Sequencer_Key.uasset" 314
"../../../Engine/Content/VREditor/TransformGizmo/SM_Sequencer_Node.uasset" 315
"../../../Engine/Content/EngineMeshes/Humanoid.uasset" 316
"D:/Development/Unity/GT2-UE-s0550455/GT2_Game/Content/Imported/AnimStarterPack/UE4_Mannequin/Mesh/UE4_Mannequin_Skeleton.uasset" 317
"D:/Development/Unity/GT2-UE-s0550455/GT2_Game/Content/Imported/AnimStarterPack/Aim_Space_Ironsights.uasset" 318
"D:/Development/Unity/GT2-UE-s0550455/GT2_Game/Content/Imported/AnimStarterPack/Aimoffset/AO_CC.uasset" 319
"D:/Development/Unity/GT2-UE-s0550455/GT2_Game/Content/Imported/AnimStarterPack/Aimoffset/AO_CD.uasset" 320
"D:/Development/Unity/GT2-UE-s0550455/GT2_Game/Content/Imported/AnimStarterPack/Aimoffset/AO_CU.uasset" 321
"D:/Development/Unity/GT2-UE-s0550455/GT2_Game/Content/Imported/AnimStarterPack/Aimoffset/AO_LC.uasset" 322
"D:/Development/Unity/GT2-UE-s0550455/GT2_Game/Content/Imported/AnimStarterPack/Aimoffset/AO_LD.uasset" 323
"D:/Development/Unity/GT2-UE-s0550455/GT2_Game/Content/Imported/AnimStarterPack/Aimoffset/AO_LU.uasset" 324
"D:/Development/Unity/GT2-UE-s0550455/GT2_Game/Content/Imported/AnimStarterPack/Aimoffset/AO_RC.uasset" 325
"D:/Development/Unity/GT2-UE-s0550455/GT2_Game/Content/Imported/AnimStarterPack/Aimoffset/AO_RD.uasset" 326
"D:/Development/Unity/GT2-UE-s0550455/GT2_Game/Content/Imported/AnimStarterPack/Aimoffset/AO_RU.uasset" 327
"D:/Development/Unity/GT2-UE-s0550455/GT2_Game/Content/Imported/AnimStarterPack/Aimoffset/AO_ADS.uasset" 328
"D:/Development/Unity/GT2-UE-s0550455/GT2_Game/Content/Imported/AnimStarterPack/Ability_Grenade_Hold.uasset" 329
"D:/Development/Unity/GT2-UE-s0550455/GT2_Game/Content/Imported/AnimStarterPack/Ability_Grenade_Prep.uasset" 330
"D:/Development/Unity/GT2-UE-s0550455/GT2_Game/Content/Imported/AnimStarterPack/Ability_Grenade_Throw.uasset" 331
"D:/Development/Unity/GT2-UE-s0550455/GT2_Game/Content/Imported/AnimStarterPack/Jump_From_Jog.uasset" 332
"D:/Development/Unity/GT2-UE-s0550455/GT2_Game/Content/Imported/AnimStarterPack/Crouch_Idle_Rifle_Ironsights.uasset" 333
"D:/Development/Unity/GT2-UE-s0550455/GT2_Game/Content/Imported/AnimStarterPack/Crouch_Walk_Bwd_Rifle_Ironsights.uasset" 334
"D:/Development/Unity/GT2-UE-s0550455/GT2_Game/Content/Imported/AnimStarterPack/Crouch_Walk_Fwd_Rifle_Ironsights.uasset" 335
"D:/Development/Unity/GT2-UE-s0550455/GT2_Game/Content/Imported/AnimStarterPack/Crouch_Walk_Lt_Rifle_Ironsights.uasset" 336
"D:/Development/Unity/GT2-UE-s0550455/GT2_Game/Content/Imported/AnimStarterPack/Crouch_Walk_Rt_Rifle_Ironsights.uasset" 337
"D:/Development/Unity/GT2-UE-s0550455/GT2_Game/Content/Imported/AnimStarterPack/BlendSpace/BS_Crouch.uasset" 338
"D:/Development/Unity/GT2-UE-s0550455/GT2_Game/Content/Imported/AnimStarterPack/Idle_Rifle_Ironsights.uasset" 339
"D:/Development/Unity/GT2-UE-s0550455/GT2_Game/Content/Imported/AnimStarterPack/Walk_Bwd_Rifle_Ironsights.uasset" 340
"D:/Development/Unity/GT2-UE-s0550455/GT2_Game/Content/Imported/AnimStarterPack/Walk_Fwd_Rifle_Ironsights.uasset" 341
"D:/Development/Unity/GT2-UE-s0550455/GT2_Game/Content/Imported/AnimStarterPack/Walk_Lt_Rifle_Ironsights.uasset" 342
"D:/Development/Unity/GT2-UE-s0550455/GT2_Game/Content/Imported/AnimStarterPack/Walk_Rt_Rifle_Ironsights.uasset" 343
"D:/Development/Unity/GT2-UE-s0550455/GT2_Game/Content/Imported/AnimStarterPack/BlendSpace/BS_Jog.uasset" 344
"D:/Development/Unity/GT2-UE-s0550455/GT2_Game/Content/Imported/AnimStarterPack/Jog_Bwd_Rifle.uasset" 345
"D:/Development/Unity/GT2-UE-s0550455/GT2_Game/Content/Imported/AnimStarterPack/Jog_Fwd_Rifle.uasset" 346
"D:/Development/Unity/GT2-UE-s0550455/GT2_Game/Content/Imported/AnimStarterPack/Jog_Lt_Rifle.uasset" 347
"D:/Development/Unity/GT2-UE-s0550455/GT2_Game/Content/Imported/AnimStarterPack/Jog_Rt_Rifle.uasset" 348
"D:/Development/Unity/GT2-UE-s0550455/GT2_Game/Content/Imported/AnimStarterPack/BlendSpace/BS_JogLowerBody.uasset" 349
"D:/Development/Unity/GT2-UE-s0550455/GT2_Game/Content/Imported/AnimStarterPack/Sprint_Fwd_Rifle.uasset" 350
"D:/Development/Unity/GT2-UE-s0550455/GT2_Game/Content/Imported/AnimStarterPack/BlendSpace/BS1D_JogToRun.uasset" 351
"D:/Development/Unity/GT2-UE-s0550455/GT2_Game/Content/Imported/AnimStarterPack/Fire_Rifle_Ironsights.uasset" 352
"D:/Development/Unity/GT2-UE-s0550455/GT2_Game/Content/Imported/AnimStarterPack/Montage/RifleFireMontage.uasset" 353
"D:/Development/Unity/GT2-UE-s0550455/GT2_Game/Content/Imported/AnimStarterPack/Reload_Rifle_Ironsights.uasset" 354
"D:/Development/Unity/GT2-UE-s0550455/GT2_Game/Content/Imported/AnimStarterPack/Montage/RifleReloadMontage.uasset" 355
"D:/Development/Unity/GT2-UE-s0550455/GT2_Game/Content/Imported/FPS_Weapon_Bundle/Weapons/Meshes/AR4/SK_AR4_X_Skeleton.uasset" 356
"D:/Development/Unity/GT2-UE-s0550455/GT2_Game/Content/BP/Actor/Weapon/AR4/ABP_AR4.uasset" 357
"D:/Development/Unity/GT2-UE-s0550455/GT2_Game/Content/Imported/FPS_Weapon_Bundle/Weapons/Textures/KA74U/T_KA74U_ALB.uasset" 358
"D:/Development/Unity/GT2-UE-s0550455/GT2_Game/Content/Imported/FPS_Weapon_Bundle/Weapons/Textures/KA74U/T_KA74U_M_MSK.uasset" 359
"D:/Development/Unity/GT2-UE-s0550455/GT2_Game/Content/Imported/FPS_Weapon_Bundle/Weapons/Textures/KA74U/T_KA74U_NRM.uasset" 360
"D:/Development/Unity/GT2-UE-s0550455/GT2_Game/Content/Imported/FPS_Weapon_Bundle/Weapons/Textures/Patterns/T_Stripes__Pattern.uasset" 361
"D:/Development/Unity/GT2-UE-s0550455/GT2_Game/Content/Imported/FPS_Weapon_Bundle/Weapons/Materials/Master_Material/M_Weapon_Master_USE.uasset" 362
"D:/Development/Unity/GT2-UE-s0550455/GT2_Game/Content/Imported/FPS_Weapon_Bundle/Weapons/Textures/Ammunition/T_762x39_ALB.uasset" 363
"D:/Development/Unity/GT2-UE-s0550455/GT2_Game/Content/Imported/FPS_Weapon_Bundle/Weapons/Textures/Ammunition/T_762x39_M_MSK.uasset" 364
"D:/Development/Unity/GT2-UE-s0550455/GT2_Game/Content/Imported/FPS_Weapon_Bundle/Weapons/Textures/Ammunition/T_762x39_NRM.uasset" 365
"D:/Development/Unity/GT2-UE-s0550455/GT2_Game/Content/Imported/FPS_Weapon_Bundle/Weapons/Materials/Ammunition/M_762x39_Empty.uasset" 366
"D:/Development/Unity/GT2-UE-s0550455/GT2_Game/Content/Imported/FPS_Weapon_Bundle/Weapons/Textures/AR4/T_AR4_ALB.uasset" 367
"D:/Development/Unity/GT2-UE-s0550455/GT2_Game/Content/Imported/FPS_Weapon_Bundle/Weapons/Textures/AR4/T_AR4_M_MSK.uasset" 368
"D:/Development/Unity/GT2-UE-s0550455/GT2_Game/Content/Imported/FPS_Weapon_Bundle/Weapons/Textures/AR4/T_AR4_NRM.uasset" 369
"D:/Development/Unity/GT2-UE-s0550455/GT2_Game/Content/Imported/FPS_Weapon_Bundle/Weapons/Materials/AR4/M_AR4.uasset" 370
"D:/Development/Unity/GT2-UE-s0550455/GT2_Game/Content/Imported/FPS_Weapon_Bundle/Weapons/Meshes/AR4/SK_AR4_X_Physics.uasset" 371
"D:/Development/Unity/GT2-UE-s0550455/GT2_Game/Content/Imported/FPS_Weapon_Bundle/Weapons/Meshes/AR4/SK_AR4_X.uasset" 372
"D:/Development/Unity/GT2-UE-s0550455/GT2_Game/Content/Imported/FPS_Weapon_Bundle/Weapons/Meshes/AR4/SM_AR4_Mag.uasset" 373
"D:/Development/Unity/GT2-UE-s0550455/GT2_Game/Content/BP/Actor/Weapon/AR4/BP_AR4.uasset" 374
"D:/Development/Unity/GT2-UE-s0550455/GT2_Game/Content/BP/Actor/Weapon/Grenade/BP_ImpactCameraShake.uasset" 375
"D:/Development/Unity/GT2-UE-s0550455/GT2_Game/Content/BP/Actor/Weapon/Grenade/PHM_Metal.uasset" 376
"D:/Development/Unity/GT2-UE-s0550455/GT2_Game/Content/BP/Actor/Weapon/Grenade/SA_Grenade.uasset" 377
"D:/Development/Unity/GT2-UE-s0550455/GT2_Game/Content/Imported/Audio/Car/Car_Explo_Impact01_R.uasset" 378
"D:/Development/Unity/GT2-UE-s0550455/GT2_Game/Content/Imported/FPS_Weapon_Bundle/Weapons/Textures/G67_Grenade/T_G67_ALB.uasset" 379
"D:/Development/Unity/GT2-UE-s0550455/GT2_Game/Content/Imported/FPS_Weapon_Bundle/Weapons/Textures/G67_Grenade/T_G67_M_MSK.uasset" 380
"D:/Development/Unity/GT2-UE-s0550455/GT2_Game/Content/Imported/FPS_Weapon_Bundle/Weapons/Textures/G67_Grenade/T_G67_NRM.uasset" 381
"D:/Development/Unity/GT2-UE-s0550455/GT2_Game/Content/Imported/FPS_Weapon_Bundle/Weapons/Materials/G67_Grenade/M_G67.uasset" 382
"D:/Development/Unity/GT2-UE-s0550455/GT2_Game/Content/Imported/FPS_Weapon_Bundle/Weapons/Meshes/G67_Grenade/SM_G67_Thrown.uasset" 383
"../../../Engine/Content/Functions/Engine_MaterialFunctions02/Texturing/ScreenAlignedPixelToPixelUVs.uasset" 384
"../../../Engine/Content/EngineMaterials/Good64x64TilingNoiseHighFreq.uasset" 385
"../../../Engine/Content/Functions/Engine_MaterialFunctions02/Utility/DitherTemporalAA.uasset" 386
"D:/Development/Unity/GT2-UE-s0550455/GT2_Game/Content/Imported/ParagonDrongo/FX/Materials/MaterialFunctions/Textures/Noise/T_noise_flamy_Tile_NRM.uasset" 387
"D:/Development/Unity/GT2-UE-s0550455/GT2_Game/Content/Imported/ParagonDrongo/FX/Materials/MaterialFunctions/Textures/Noise/T_TileNoise.uasset" 388
"D:/Development/Unity/GT2-UE-s0550455/GT2_Game/Content/Imported/ParagonDrongo/FX/Materials/Debris/M_Ash_Chunk.uasset" 389
"D:/Development/Unity/GT2-UE-s0550455/GT2_Game/Content/Imported/ParagonDrongo/FX/Materials/Functions/MF_DitheredRefraction.uasset" 390
"D:/Development/Unity/GT2-UE-s0550455/GT2_Game/Content/Imported/ParagonDrongo/FX/Materials/Functions/MF_FX_EmissiveModulate.uasset" 391
"D:/Development/Unity/GT2-UE-s0550455/GT2_Game/Content/Imported/ParagonDrongo/FX/Materials/Functions/MF_FX_NearCameraFade.uasset" 392
"D:/Development/Unity/GT2-UE-s0550455/GT2_Game/Content/Imported/ParagonDrongo/FX/Textures/Masks/T_Sphere_A.uasset" 393
"D:/Development/Unity/GT2-UE-s0550455/GT2_Game/Content/Imported/ParagonDrongo/FX/Textures/NormalShapes/T_Sphere_N.uasset" 394
"D:/Development/Unity/GT2-UE-s0550455/GT2_Game/Content/Imported/ParagonDrongo/FX/Materials/HeatDistort/M_Shockwave_Refract.uasset" 395
"../../../Engine/Content/Functions/Engine_MaterialFunctions01/Density/ExponentialDensity.uasset" 396
"../../../Engine/Content/Functions/Engine_MaterialFunctions01/Gradient/RadialGradientExponential.uasset" 397
"D:/Development/Unity/GT2-UE-s0550455/GT2_Game/Content/Imported/ParagonDrongo/FX/Textures/Decals/Scorch/T_Decal_Small_Scorch_A.uasset" 398
"D:/Development/Unity/GT2-UE-s0550455/GT2_Game/Content/Imported/ParagonDrongo/FX/Textures/Energy/Electricity/T_Electric_TileY_N.uasset" 399
"D:/Development/Unity/GT2-UE-s0550455/GT2_Game/Content/Imported/ParagonDrongo/FX/Materials/Heroes/Drongo/FX/M_Drongo_Boomerang_HelixDust.uasset" 400
"../../../Engine/Content/Functions/Engine_MaterialFunctions01/Gradient/LinearGradient.uasset" 401
"../../../Engine/Content/Functions/Engine_MaterialFunctions01/ImageAdjustment/DeriveHDRfromLDR.uasset" 402
"D:/Development/Unity/GT2-UE-s0550455/GT2_Game/Content/Imported/ParagonDrongo/FX/Textures/Masks/T_MaglevFX_Line.uasset" 403
"D:/Development/Unity/GT2-UE-s0550455/GT2_Game/Content/Imported/ParagonDrongo/FX/Materials/Heroes/Drongo/FX/M_Drongo_Shards_Hit.uasset" 404
"../../../Engine/Content/Functions/Engine_MaterialFunctions01/Texturing/FlattenNormal.uasset" 405
"D:/Development/Unity/GT2-UE-s0550455/GT2_Game/Content/Imported/ParagonDrongo/FX/Textures/Artifacts/MaterialLayers/T_Metal_Patina_D.uasset" 406
"D:/Development/Unity/GT2-UE-s0550455/GT2_Game/Content/Imported/ParagonDrongo/FX/Textures/Artifacts/MaterialLayers/T_Metal_Patina_M.uasset" 407
"D:/Development/Unity/GT2-UE-s0550455/GT2_Game/Content/Imported/ParagonDrongo/FX/Textures/Artifacts/MaterialLayers/T_Metal_Patina_N.uasset" 408
"D:/Development/Unity/GT2-UE-s0550455/GT2_Game/Content/Imported/ParagonDrongo/FX/Materials/Heroes/M_DebrisPieces.uasset" 409
"D:/Development/Unity/GT2-UE-s0550455/GT2_Game/Content/Imported/ParagonDrongo/FX/Materials/Minions/Effects/Materials/M_Tri_Test.uasset" 410
"D:/Development/Unity/GT2-UE-s0550455/GT2_Game/Content/Imported/ParagonDrongo/FX/Textures/Sparks/T_Spark_Soft.uasset" 411
"D:/Development/Unity/GT2-UE-s0550455/GT2_Game/Content/Imported/ParagonDrongo/FX/Materials/Sparks/M_Hotdog_Spark_VLerp_MASTER.uasset" 412
"D:/Development/Unity/GT2-UE-s0550455/GT2_Game/Content/Imported/ParagonDrongo/FX/Textures/Flares/T_Flare_Spikeball.uasset" 413
"D:/Development/Unity/GT2-UE-s0550455/GT2_Game/Content/Imported/ParagonDrongo/FX/Materials/Debuffs/FX/M_CleanseFlare.uasset" 414
"D:/Development/Unity/GT2-UE-s0550455/GT2_Game/Content/Imported/ParagonDrongo/FX/Materials/Debuffs/FX/MI_CleanseFlare_HighRangeLDR.uasset" 415
"../../../Engine/Content/Functions/Engine_MaterialFunctions02/Utility/BlendAngleCorrectedNormals.uasset" 416
"D:/Development/Unity/GT2-UE-s0550455/GT2_Game/Content/Imported/ParagonDrongo/FX/Materials/Functions/MF_CameraDistanceFade.uasset" 417
"D:/Development/Unity/GT2-UE-s0550455/GT2_Game/Content/Imported/ParagonDrongo/FX/Textures/Explosions/T_FireBall_07D_Depth.uasset" 418
"D:/Development/Unity/GT2-UE-s0550455/GT2_Game/Content/Imported/ParagonDrongo/FX/Textures/Explosions/T_FireBall_07D_E.uasset" 419
"D:/Development/Unity/GT2-UE-s0550455/GT2_Game/Content/Imported/ParagonDrongo/FX/Textures/Explosions/T_FireBall_07D_N.uasset" 420
"D:/Development/Unity/GT2-UE-s0550455/GT2_Game/Content/Imported/ParagonDrongo/FX/Textures/Smoke/T_SoftSmoke_04.uasset" 421
"D:/Development/Unity/GT2-UE-s0550455/GT2_Game/Content/Imported/ParagonDrongo/FX/Textures/Tile/Heat/T_2ndInfectedMapLinear.uasset" 422
"D:/Development/Unity/GT2-UE-s0550455/GT2_Game/Content/Imported/ParagonDrongo/FX/Textures/Tile/Heat/T_2ndInfectedMapNormal.uasset" 423
"D:/Development/Unity/GT2-UE-s0550455/GT2_Game/Content/Imported/ParagonDrongo/FX/Textures/Tile/Noise/T_WispyNoise_8X8.uasset" 424
"D:/Development/Unity/GT2-UE-s0550455/GT2_Game/Content/Imported/ParagonDrongo/FX/Materials/Explosions/M_Fireball_Directional_Lit_Master_2.uasset" 425
"D:/Development/Unity/GT2-UE-s0550455/GT2_Game/Content/Imported/ParagonDrongo/FX/Materials/CineRescue/M_Fireball_Directional_Lit_TB_Inst.uasset" 426
"D:/Development/Unity/GT2-UE-s0550455/GT2_Game/Content/Imported/ParagonDrongo/FX/Textures/Explosions/T_FireBall_07D_Top_Depth.uasset" 427
"D:/Development/Unity/GT2-UE-s0550455/GT2_Game/Content/Imported/ParagonDrongo/FX/Textures/Explosions/T_FireBall_07D_Top_E.uasset" 428
"D:/Development/Unity/GT2-UE-s0550455/GT2_Game/Content/Imported/ParagonDrongo/FX/Textures/Explosions/T_FireBall_07D_Top_N.uasset" 429
"D:/Development/Unity/GT2-UE-s0550455/GT2_Game/Content/Imported/ParagonDrongo/FX/Materials/Explosions/MI_Fireball_Directional_Lit_Drongo.uasset" 430
"../../../Engine/Content/Functions/Engine_MaterialFunctions01/ImageAdjustment/CheapContrast.uasset" 431
"D:/Development/Unity/GT2-UE-s0550455/GT2_Game/Content/Imported/ParagonDrongo/FX/Textures/Coords/T_Turbulence_AdditiveWarp_Linear.uasset" 432
"D:/Development/Unity/GT2-UE-s0550455/GT2_Game/Content/Imported/ParagonDrongo/FX/Textures/Smoke/T_SmokeBall_Single_03.uasset" 433
"D:/Development/Unity/GT2-UE-s0550455/GT2_Game/Content/Imported/ParagonDrongo/FX/Textures/Tile/Noise/T_Inky_Smoke_Tile.uasset" 434
"D:/Development/Unity/GT2-UE-s0550455/GT2_Game/Content/Imported/ParagonDrongo/FX/Textures/Tile/Smoke/T_SmokeTile.uasset" 435
"D:/Development/Unity/GT2-UE-s0550455/GT2_Game/Content/Imported/ParagonDrongo/FX/Materials/Heroes/M_Drongo_LeapAOE_Shockwave.uasset" 436
"D:/Development/Unity/GT2-UE-s0550455/GT2_Game/Content/Imported/ParagonDrongo/FX/Materials/Heroes/Drongo/FX/M_Drongo_Shards_Shockwave_Inst02.uasset" 437
"D:/Development/Unity/GT2-UE-s0550455/GT2_Game/Content/Imported/ParagonDrongo/FX/Materials/Sparks/M_Hotdog_Spark_VLerp_COLOUR.uasset" 438
"D:/Development/Unity/GT2-UE-s0550455/GT2_Game/Content/Imported/ParagonDrongo/FX/Materials/Sparks/MI_Hotdog_Spark_Drongo_Yellow.uasset" 439
"D:/Development/Unity/GT2-UE-s0550455/GT2_Game/Content/Imported/ParagonDrongo/FX/Meshes/Heroes/SM_Drongo_FlatShockwave_01.uasset" 440
"D:/Development/Unity/GT2-UE-s0550455/GT2_Game/Content/Imported/ParagonDrongo/FX/Meshes/Heroes/SM_Drongo_Thrower_Shattered_Simple_polySurface18.uasset" 441
"D:/Development/Unity/GT2-UE-s0550455/GT2_Game/Content/Imported/ParagonDrongo/FX/Meshes/Shapes/SM_HelixCylinder.uasset" 442
"D:/Development/Unity/GT2-UE-s0550455/GT2_Game/Content/Imported/ParagonDrongo/FX/Meshes/Shapes/SM_Plane_Noise.uasset" 443
"D:/Development/Unity/GT2-UE-s0550455/GT2_Game/Content/Imported/ParagonDrongo/FX/Meshes/Smoke/SM_Plasma_Mesh.uasset" 444
"D:/Development/Unity/GT2-UE-s0550455/GT2_Game/Content/Imported/ParagonDrongo/FX/VectorFields/Shape/VF_VelocityGrid60.uasset" 445
"D:/Development/Unity/GT2-UE-s0550455/GT2_Game/Content/Imported/ParagonDrongo/FX/VectorFields/VF_Noisy_Turbulence_103.uasset" 446
"D:/Development/Unity/GT2-UE-s0550455/GT2_Game/Content/Imported/ParagonDrongo/FX/Particles/Abilities/Grenade/FX/P_Drongo_Grenade_EndExplosion.uasset" 447
"../../../Engine/Content/Functions/Engine_MaterialFunctions01/Coordinates/PixelInWorldUnits.uasset" 448
"../../../Engine/Content/Functions/Engine_MaterialFunctions01/Coordinates/WorldUnitsInPixel.uasset" 449
"../../../Engine/Content/Functions/Engine_MaterialFunctions03/Particles/ParticleDOF.uasset" 450
"D:/Development/Unity/GT2-UE-s0550455/GT2_Game/Content/Imported/ParagonDrongo/FX/Materials/Functions/MF_ParticleRandomSize.uasset" 451
"../../../Engine/Content/Engine_MI_Shaders/Textures/Bokeh.uasset" 452
"D:/Development/Unity/GT2-UE-s0550455/GT2_Game/Content/Imported/ParagonDrongo/FX/Textures/Sparks/T_SparkSingle.uasset" 453
"D:/Development/Unity/GT2-UE-s0550455/GT2_Game/Content/Imported/ParagonDrongo/FX/Materials/Sparks/M_Hotdog_Spark_VLerp_DOF_Rand_Master.uasset" 454
"D:/Development/Unity/GT2-UE-s0550455/GT2_Game/Content/Imported/ParagonDrongo/FX/Textures/Flares/T_Glow_Sphere_Soft.uasset" 455
"D:/Development/Unity/GT2-UE-s0550455/GT2_Game/Content/Imported/ParagonDrongo/FX/Textures/Masks/T_TankMoteNoise.uasset" 456
"D:/Development/Unity/GT2-UE-s0550455/GT2_Game/Content/Imported/ParagonDrongo/FX/Textures/Sparks/T_StretchSpark_01.uasset" 457
"D:/Development/Unity/GT2-UE-s0550455/GT2_Game/Content/Imported/ParagonDrongo/FX/Materials/Sparks/M_Pellets_InvisMoving.uasset" 458
"D:/Development/Unity/GT2-UE-s0550455/GT2_Game/Content/Imported/ParagonDrongo/FX/Materials/MaterialFunctions/Textures/Noise/T_TilingNoise12.uasset" 459
"D:/Development/Unity/GT2-UE-s0550455/GT2_Game/Content/Imported/ParagonDrongo/FX/Textures/Environment/Snow/T_Snow01_Packed.uasset" 460
"D:/Development/Unity/GT2-UE-s0550455/GT2_Game/Content/Imported/ParagonDrongo/FX/Materials/Sparks/M_Spark_VelocityLerp.uasset" 461
"D:/Development/Unity/GT2-UE-s0550455/GT2_Game/Content/Imported/ParagonDrongo/FX/Materials/CineRescue/hb290/FX/MI_Fireball_Directional_Lit_Drongo1.uasset" 462
"D:/Development/Unity/GT2-UE-s0550455/GT2_Game/Content/Imported/ParagonDrongo/FX/Materials/Functions/MF_ParticleShrinkDistance.uasset" 463
"D:/Development/Unity/GT2-UE-s0550455/GT2_Game/Content/Imported/ParagonDrongo/FX/Textures/Debris/T_Concrete_ChunkSubUV_D.uasset" 464
"D:/Development/Unity/GT2-UE-s0550455/GT2_Game/Content/Imported/ParagonDrongo/FX/Textures/Debris/T_Concrete_ChunkSubUV_N_TGA.uasset" 465
"D:/Development/Unity/GT2-UE-s0550455/GT2_Game/Content/Imported/ParagonDrongo/FX/Materials/Debris/M_Explosion_RockChunks.uasset" 466
"D:/Development/Unity/GT2-UE-s0550455/GT2_Game/Content/Imported/ParagonDrongo/FX/Materials/Debris/M_Explosion_RockChunks_Green.uasset" 467
"../../../Engine/Content/Functions/Engine_MaterialFunctions02/Utility/VectorToRadialValue.uasset" 468
"D:/Development/Unity/GT2-UE-s0550455/GT2_Game/Content/Imported/ParagonDrongo/FX/Materials/Functions/MF_FadeBasedOnViewAngle.uasset" 469
"D:/Development/Unity/GT2-UE-s0550455/GT2_Game/Content/Imported/ParagonDrongo/FX/Textures/Fire/T_FireNoiseTile_02.uasset" 470
"D:/Development/Unity/GT2-UE-s0550455/GT2_Game/Content/Imported/ParagonDrongo/FX/Materials/Flares/M_Flare_Procedural_Noise_Tex_Glow.uasset" 471
"D:/Development/Unity/GT2-UE-s0550455/GT2_Game/Content/Imported/ParagonDrongo/FX/Materials/Flares/M_Flare_Procedural_Noise_Tex_Glow_RoundFade_Inst.uasset" 472
"D:/Development/Unity/GT2-UE-s0550455/GT2_Game/Content/Imported/ParagonDrongo/FX/Materials/Functions/MF_Tile_Isolate_XY.uasset" 473
"D:/Development/Unity/GT2-UE-s0550455/GT2_Game/Content/Imported/ParagonDrongo/FX/Materials/MaterialFunctions/Textures/Noise/T_Smooth_tile.uasset" 474
"D:/Development/Unity/GT2-UE-s0550455/GT2_Game/Content/Imported/ParagonDrongo/FX/Textures/Masks/T_ConeRadial_Mask.uasset" 475
"D:/Development/Unity/GT2-UE-s0550455/GT2_Game/Content/Imported/ParagonDrongo/FX/Textures/Masks/T_PlasmaMask_01_Packed.uasset" 476
"D:/Development/Unity/GT2-UE-s0550455/GT2_Game/Content/Imported/ParagonDrongo/FX/Textures/Smoke/T_MinionSmokeTile.uasset" 477
"D:/Development/Unity/GT2-UE-s0550455/GT2_Game/Content/Imported/ParagonDrongo/FX/Materials/Shockwaves/M_PlasmaRadial_Blur_LDR2HDR.uasset" 478
"D:/Development/Unity/GT2-UE-s0550455/GT2_Game/Content/Imported/ParagonDrongo/FX/Materials/Shockwaves/MI_PlasmaRadial_Blur_Drongo.uasset" 479
"D:/Development/Unity/GT2-UE-s0550455/GT2_Game/Content/Imported/ParagonDrongo/FX/Meshes/Shapes/SM_PlasmaBall_2UVsets.uasset" 480
"D:/Development/Unity/GT2-UE-s0550455/GT2_Game/Content/Imported/ParagonDrongo/FX/Particles/Abilities/Grenade/FX/P_Drongo_Grenade_Explode.uasset" 481
"D:/Development/Unity/GT2-UE-s0550455/GT2_Game/Content/BP/Actor/Weapon/Grenade/BP_Grenade.uasset" 482
"D:/Development/Unity/GT2-UE-s0550455/GT2_Game/Content/Imported/FPS_Weapon_Bundle/Weapons/Meshes/Ka47/SK_KA47_X_Skeleton.uasset" 483
"D:/Development/Unity/GT2-UE-s0550455/GT2_Game/Content/BP/Actor/Weapon/KA47/ABP_KA47.uasset" 484
"D:/Development/Unity/GT2-UE-s0550455/GT2_Game/Content/Imported/FPS_Weapon_Bundle/Weapons/Textures/KA47/T_KA47_ALB.uasset" 485
"D:/Development/Unity/GT2-UE-s0550455/GT2_Game/Content/Imported/FPS_Weapon_Bundle/Weapons/Textures/KA47/T_KA47_M_MSK.uasset" 486
"D:/Development/Unity/GT2-UE-s0550455/GT2_Game/Content/Imported/FPS_Weapon_Bundle/Weapons/Textures/KA47/T_KA47_NRM.uasset" 487
"D:/Development/Unity/GT2-UE-s0550455/GT2_Game/Content/Imported/FPS_Weapon_Bundle/Weapons/Materials/Ka47/M_KA47.uasset" 488
"D:/Development/Unity/GT2-UE-s0550455/GT2_Game/Content/Imported/FPS_Weapon_Bundle/Weapons/Meshes/Ka47/SK_KA47_X_Physics.uasset" 489
"D:/Development/Unity/GT2-UE-s0550455/GT2_Game/Content/Imported/FPS_Weapon_Bundle/Weapons/Meshes/Ka47/SK_KA47_X.uasset" 490
"D:/Development/Unity/GT2-UE-s0550455/GT2_Game/Content/Imported/FPS_Weapon_Bundle/Weapons/Meshes/Ka47/SM_KA47_Mag.uasset" 491
"D:/Development/Unity/GT2-UE-s0550455/GT2_Game/Content/BP/Actor/Weapon/KA47/BP_KA47.uasset" 492
"D:/Development/Unity/GT2-UE-s0550455/GT2_Game/Content/BP/Character/BP_WalkCameraShake.uasset" 493
"D:/Development/Unity/GT2-UE-s0550455/GT2_Game/Content/BP/Interface/BPI_Animation.uasset" 494
"D:/Development/Unity/GT2-UE-s0550455/GT2_Game/Content/BP/Character/S_MovementState.uasset" 495
"D:/Development/Unity/GT2-UE-s0550455/GT2_Game/Content/BP/Character/E_MovementType.uasset" 496
"../../../Engine/Content/Functions/MaterialLayerFunctions/MatLayerBlend_AO.uasset" 497
"../../../Engine/Content/Functions/MaterialLayerFunctions/MatLayerBlend_NormalBlend.uasset" 498
"../../../Engine/Content/Functions/MaterialLayerFunctions/MatLayerBlend_Simple.uasset" 499
"D:/Development/Unity/GT2-UE-s0550455/GT2_Game/Content/Imported/AnimStarterPack/UE4_Mannequin/Materials/MaterialLayers/T_ML_Rubber_Blue_01_D.uasset" 500
"D:/Development/Unity/GT2-UE-s0550455/GT2_Game/Content/Imported/AnimStarterPack/UE4_Mannequin/Materials/MaterialLayers/T_ML_Rubber_Blue_01_N.uasset" 501
"D:/Development/Unity/GT2-UE-s0550455/GT2_Game/Content/Imported/AnimStarterPack/UE4_Mannequin/Materials/MaterialLayers/ML_GlossyBlack_Latex_UE4.uasset" 502
"D:/Development/Unity/GT2-UE-s0550455/GT2_Game/Content/Imported/AnimStarterPack/UE4_Mannequin/Materials/MaterialLayers/ML_Plastic_Shiny_Beige.uasset" 503
"D:/Development/Unity/GT2-UE-s0550455/GT2_Game/Content/Imported/AnimStarterPack/UE4_Mannequin/Textures/UE4_LOGO_CARD.uasset" 504
"D:/Development/Unity/GT2-UE-s0550455/GT2_Game/Content/Imported/AnimStarterPack/UE4_Mannequin/Materials/MaterialLayers/ML_Plastic_Shiny_Beige_LOGO.uasset" 505
"D:/Development/Unity/GT2-UE-s0550455/GT2_Game/Content/Imported/AnimStarterPack/UE4_Mannequin/Materials/MaterialLayers/T_ML_Aluminum01.uasset" 506
"D:/Development/Unity/GT2-UE-s0550455/GT2_Game/Content/Imported/AnimStarterPack/UE4_Mannequin/Materials/MaterialLayers/T_ML_Aluminum01_N.uasset" 507
"D:/Development/Unity/GT2-UE-s0550455/GT2_Game/Content/Imported/AnimStarterPack/UE4_Mannequin/Materials/MaterialLayers/ML_SoftMetal_UE4.uasset" 508
"D:/Development/Unity/GT2-UE-s0550455/GT2_Game/Content/Imported/AnimStarterPack/UE4_Mannequin/Textures/UE4_Mannequin__normals.uasset" 509
"D:/Development/Unity/GT2-UE-s0550455/GT2_Game/Content/Imported/AnimStarterPack/UE4_Mannequin/Textures/UE4_Mannequin_MAT_MASKA.uasset" 510
"D:/Development/Unity/GT2-UE-s0550455/GT2_Game/Content/Imported/AnimStarterPack/UE4_Mannequin/Textures/UE4_Mannequin_occlusion_Mobile.uasset" 511
"D:/Development/Unity/GT2-UE-s0550455/GT2_Game/Content/Imported/AnimStarterPack/UE4_Mannequin/Materials/M_UE4Man_Body.uasset" 512
"D:/Development/Unity/GT2-UE-s0550455/GT2_Game/Content/Imported/AnimStarterPack/UE4_Mannequin/Textures/UE4Man_Logo_N.uasset" 513
"D:/Development/Unity/GT2-UE-s0550455/GT2_Game/Content/Imported/AnimStarterPack/UE4_Mannequin/Materials/M_UE4Man_ChestLogo.uasset" 514
"D:/Development/Unity/GT2-UE-s0550455/GT2_Game/Content/Imported/AnimStarterPack/UE4_Mannequin/Mesh/SK_Mannequin_PhysicsAsset.uasset" 515
"D:/Development/Unity/GT2-UE-s0550455/GT2_Game/Content/Imported/AnimStarterPack/UE4_Mannequin/Mesh/SK_Mannequin.uasset" 516
"D:/Development/Unity/GT2-UE-s0550455/GT2_Game/Content/Material/Image/CrossHairOwn.uasset" 517
"D:/Development/Unity/GT2-UE-s0550455/GT2_Game/Content/UI/Crosshair.uasset" 518
"D:/Development/Unity/GT2-UE-s0550455/GT2_Game/Content/Material/Image/htpimage.uasset" 519
"D:/Development/Unity/GT2-UE-s0550455/GT2_Game/Content/UI/HowToPlay.uasset" 520
"D:/Development/Unity/GT2-UE-s0550455/GT2_Game/Content/UI/EndGame.uasset" 521
"D:/Development/Unity/GT2-UE-s0550455/GT2_Game/Content/UI/GameOver.uasset" 522
"D:/Development/Unity/GT2-UE-s0550455/GT2_Game/Content/UI/PauseMenu.uasset" 523
"D:/Development/Unity/GT2-UE-s0550455/GT2_Game/Content/BP/Character/BP_Enemy.uasset" 524
"D:/Development/Unity/GT2-UE-s0550455/GT2_Game/Content/Material/M_Bullet.uasset" 525
"../../../Engine/Content/VREditor/TransformGizmo/BoundingBoxEdge.uasset" 526
"D:/Development/Unity/GT2-UE-s0550455/GT2_Game/Content/BP/Actor/Weapon/BP_Bullet.uasset" 527
"D:/Development/Unity/GT2-UE-s0550455/GT2_Game/Content/BP/Actor/Weapon/BP_GunFireShake.uasset" 528
"D:/Development/Unity/GT2-UE-s0550455/GT2_Game/Content/Imported/Effects/Textures/LensFlare/T_Lensflare_01.uasset" 529
"D:/Development/Unity/GT2-UE-s0550455/GT2_Game/Content/Imported/Effects/Materials/LensFlare/M_Lensflare_01.uasset" 530
"../../../Engine/Content/Functions/Engine_MaterialFunctions01/Gradient/RadialGradient.uasset" 531
"D:/Development/Unity/GT2-UE-s0550455/GT2_Game/Content/Imported/Effects/Materials/Ramp/M_SoftGradient_Muzzle.uasset" 532
"D:/Development/Unity/GT2-UE-s0550455/GT2_Game/Content/Imported/Effects/Textures/Smoke/T_Clouds_01.uasset" 533
"D:/Development/Unity/GT2-UE-s0550455/GT2_Game/Content/Imported/Effects/Textures/Smoke/T_SmokeBall_01_8_8.uasset" 534
"D:/Development/Unity/GT2-UE-s0550455/GT2_Game/Content/Imported/Effects/Materials/Smoke/M_ImpactSmoke.uasset" 535
"D:/Development/Unity/GT2-UE-s0550455/GT2_Game/Content/Imported/Effects/Materials/Smoke/M_SmokeBall.uasset" 536
"D:/Development/Unity/GT2-UE-s0550455/GT2_Game/Content/Imported/Effects/Textures/Weapon/T_muzzle_flashes.uasset" 537
"D:/Development/Unity/GT2-UE-s0550455/GT2_Game/Content/Imported/Effects/Materials/Weapon/M_muzzle_flash_subUV.uasset" 538
"D:/Development/Unity/GT2-UE-s0550455/GT2_Game/Content/Imported/Effects/Textures/Mask/T_SquareMaskTightEdge.uasset" 539
"D:/Development/Unity/GT2-UE-s0550455/GT2_Game/Content/Imported/Effects/Textures/Noise/T_TileNoise.uasset" 540
"D:/Development/Unity/GT2-UE-s0550455/GT2_Game/Content/Imported/Effects/Materials/Weapon/M_MuzzleGlow.uasset" 541
"D:/Development/Unity/GT2-UE-s0550455/GT2_Game/Content/Imported/Effects/Meshes/Weapon/SM_MuzzleCone.uasset" 542
"D:/Development/Unity/GT2-UE-s0550455/GT2_Game/Content/Imported/Effects/ParticleSystems/Weapons/AssaultRifle/Muzzle/P_AssaultRifle_MF.uasset" 543
"D:/Development/Unity/GT2-UE-s0550455/GT2_Game/Content/Imported/Effects/Textures/Ramp/T_FX_CameraDistort.uasset" 544
"D:/Development/Unity/GT2-UE-s0550455/GT2_Game/Content/Imported/Effects/Textures/Ramp/T_FX_ColorDistort.uasset" 545
"D:/Development/Unity/GT2-UE-s0550455/GT2_Game/Content/Imported/Effects/Textures/Water/T_Caustics_2.uasset" 546
"D:/Development/Unity/GT2-UE-s0550455/GT2_Game/Content/Imported/Effects/Materials/Weapon/M_WP_Linkgun_Connection.uasset" 547
"D:/Development/Unity/GT2-UE-s0550455/GT2_Game/Content/Imported/Effects/Textures/Energy/T_EFX_Beam_Electricity_02.uasset" 548
"D:/Development/Unity/GT2-UE-s0550455/GT2_Game/Content/Imported/Effects/Materials/Weapon/M_WP_ShockRifle_Panning_Beam.uasset" 549
"D:/Development/Unity/GT2-UE-s0550455/GT2_Game/Content/Imported/Effects/ParticleSystems/Weapons/AssaultRifle/Muzzle/P_AssaultRifle_Trail.uasset" 550
"D:/Development/Unity/GT2-UE-s0550455/GT2_Game/Content/Imported/Sound/GunSound/AK47Shot01.uasset" 551
"D:/Development/Unity/GT2-UE-s0550455/GT2_Game/Content/Imported/Sound/GunSound/AK47Shot01_Cue.uasset" 552
"D:/Development/Unity/GT2-UE-s0550455/GT2_Game/Content/BP/Actor/Weapon/BP_Weapon_Base.uasset" 553
"D:/Development/Unity/GT2-UE-s0550455/GT2_Game/Content/BP/Character/ABP_PC.uasset" 554
"D:/Development/Unity/GT2-UE-s0550455/GT2_Game/Content/UI/TimerText.uasset" 555
"D:/Development/Unity/GT2-UE-s0550455/GT2_Game/Content/UI/YouWin.uasset" 556
"D:/Development/Unity/GT2-UE-s0550455/GT2_Game/Content/BP/Character/BP_PC.uasset" 557
"D:/Development/Unity/GT2-UE-s0550455/GT2_Game/Content/BP/UI/DebugUI.uasset" 558
"D:/Development/Unity/GT2-UE-s0550455/GT2_Game/Content/BP/Character/BP_PCCon.uasset" 559
"D:/Development/Unity/GT2-UE-s0550455/GT2_Game/Content/UI/Timer.uasset" 560
"D:/Development/Unity/GT2-UE-s0550455/GT2_Game/Content/BP/Base/BP_FPSGM.uasset" 561
"D:/Development/Unity/GT2-UE-s0550455/GT2_Game/Content/BP/Character/Spawner/Spawn.uasset" 562
"D:/Development/Unity/GT2-UE-s0550455/GT2_Game/Content/DefaultStarterContent/Textures/T_ground_Moss_D.uasset" 563
"D:/Development/Unity/GT2-UE-s0550455/GT2_Game/Content/DefaultStarterContent/Textures/T_Ground_Moss_N.uasset" 564
"D:/Development/Unity/GT2-UE-s0550455/GT2_Game/Content/DefaultStarterContent/Textures/T_MacroVariation.uasset" 565
"D:/Development/Unity/GT2-UE-s0550455/GT2_Game/Content/DefaultStarterContent/Textures/T_Perlin_Noise_M.uasset" 566
"D:/Development/Unity/GT2-UE-s0550455/GT2_Game/Content/DefaultStarterContent/Materials/M_Ground_Moss.uasset" 567
"D:/Development/Unity/GT2-UE-s0550455/GT2_Game/Content/Levels/Map/MyWorld_BuiltData.uasset" 568
"../../../Engine/Content/Functions/Engine_MaterialFunctions02/SafeNormalize.uasset" 569
"../../../Engine/Content/Functions/Engine_MaterialFunctions02/Math/CreateThirdOrthogonalVector.uasset" 570
"../../../Engine/Content/Functions/Engine_MaterialFunctions02/Utility/BreakOutFloat3Components.uasset" 571
"../../../Engine/Content/Functions/Engine_MaterialFunctions02/Math/Transform3x3Matrix.uasset" 572
"../../../Engine/Content/Functions/Engine_MaterialFunctions02/ExampleContent/Textures/SphereRenderNormalsMap.uasset" 573
"../../../Engine/Content/Functions/Engine_MaterialFunctions02/WorldAlignedNormals_HighQuality.uasset" 574
"../../../Engine/Content/EngineMaterials/DefaultNormal_Uncompressed.uasset" 575
"../../../Engine/Content/Functions/Engine_MaterialFunctions01/Texturing/WorldAlignedNormal.uasset" 576
"../../../Engine/Content/Functions/Engine_MaterialFunctions01/Texturing/WorldAlignedTexture.uasset" 577
"../../../Engine/Content/EngineMaterials/Grid_N.uasset" 578
"D:/Development/Unity/GT2-UE-s0550455/GT2_Game/Content/Material/M_Blackout.uasset" 579
"D:/Development/Unity/GT2-UE-s0550455/GT2_Game/Content/Material/MI_Blackout_Orange.uasset" 580
"../../../Engine/Content/EngineFonts/Faces/RobotoTiny.uasset" 581
"../../../Engine/Content/EngineFonts/RobotoTiny.uasset" 582
"D:/Development/Unity/GT2-UE-s0550455/GT2_Game/Content/UI/NextPlayer.uasset" 583
"D:/Development/Unity/GT2-UE-s0550455/GT2_Game/Content/UI/YouWin_2.uasset" 584
"../../Plugins/2D/Paper2D/Content/PlaceholderTextures/DummySpriteTexture.uasset" 585
"../../Plugins/2D/Paper2D/Content/DummySprite.uasset" 586
"../../Plugins/2D/Paper2D/Content/DefaultPaperTerrainMaterial.uasset" 587
"../../Plugins/2D/Paper2D/Content/DefaultSpriteMaterial.uasset" 588
"../../Plugins/2D/Paper2D/Content/MaskedUnlitSpriteMaterial.uasset" 589
"../../Plugins/2D/Paper2D/Content/OpaqueUnlitSpriteMaterial.uasset" 590
"../../Plugins/Runtime/Oculus/OculusVR/Content/OculusMR_RenderTarget.uasset" 591
"../../../Engine/Content/Functions/Engine_MaterialFunctions02/Utility/BreakOutFloat4Components.uasset" 592
"../../Plugins/Runtime/Oculus/OculusVR/Content/Materials/OculusMR_ChromaKey.uasset" 593
"../../Plugins/Runtime/Oculus/OculusVR/Content/Materials/OculusMR_ChromaKey_Lit.uasset" 594
"../../Plugins/Runtime/Oculus/OculusVR/Content/Materials/OculusMR_OpaqueColoredMaterial.uasset" 595
"../../Plugins/Runtime/Oculus/OculusVR/Content/Materials/OculusMR_WhiteMaterial.uasset" 596
"../../../Engine/Content/Maps/Entry_BuiltData.uasset" 597
"../../../Engine/Content/Maps/Entry.umap" 598
"D:/Development/Unity/GT2-UE-s0550455/GT2_Game/Content/Material/Image/MainMenu2.uasset" 599
"D:/Development/Unity/GT2-UE-s0550455/GT2_Game/Content/UI/MainMenu.uasset" 600
"D:/Development/Unity/GT2-UE-s0550455/GT2_Game/Content/Levels/MainMenu.umap" 601
