Log file open, 01/23/20 22:24:06
LogWindows: Failed to load 'aqProf.dll' (GetLastError=126)
LogWindows: File 'aqProf.dll' does not exist
LogWindows: Failed to load 'VtuneApi.dll' (GetLastError=126)
LogWindows: File 'VtuneApi.dll' does not exist
LogWindows: Failed to load 'VtuneApi32e.dll' (GetLastError=126)
LogWindows: File 'VtuneApi32e.dll' does not exist
LogConsoleResponse: Display: Failed to find resolution value strings in scalability ini. Falling back to default.
LogInit: Display: Running engine for game: GT2_Game
LogPlatformFile: Not using cached read wrapper
LogTaskGraph: Started task graph with 5 named threads and 11 total threads with 3 sets of task threads.
LogStats: Stats thread started at 0.079846
LogD3D11RHI: Loaded GFSDK_Aftermath_Lib.x64.dll
LogICUInternationalization: ICU TimeZone Detection - Raw Offset: +1:00, Platform Override: ''
LogPluginManager: Mounting plugin Paper2D
LogPluginManager: Mounting plugin AISupport
LogPluginManager: Mounting plugin LightPropagationVolume
LogPluginManager: Mounting plugin ActorLayerUtilities
LogPluginManager: Mounting plugin AnimationSharing
LogPluginManager: Mounting plugin CLionSourceCodeAccess
LogPluginManager: Mounting plugin CodeLiteSourceCodeAccess
LogPluginManager: Mounting plugin GitSourceControl
LogPluginManager: Mounting plugin KDevelopSourceCodeAccess
LogPluginManager: Mounting plugin NullSourceCodeAccess
LogPluginManager: Mounting plugin PerforceSourceControl
LogPluginManager: Mounting plugin SubversionSourceControl
LogPluginManager: Mounting plugin UObjectPlugin
LogPluginManager: Mounting plugin VisualStudioCodeSourceCodeAccess
LogPluginManager: Mounting plugin VisualStudioSourceCodeAccess
LogPluginManager: Mounting plugin XCodeSourceCodeAccess
LogPluginManager: Mounting plugin AssetManagerEditor
LogPluginManager: Mounting plugin CryptoKeys
LogPluginManager: Mounting plugin CurveEditorTools
LogPluginManager: Mounting plugin DataValidation
LogPluginManager: Mounting plugin FacialAnimation
LogPluginManager: Mounting plugin GameplayTagsEditor
LogPluginManager: Mounting plugin MacGraphicsSwitching
LogPluginManager: Mounting plugin MaterialAnalyzer
LogPluginManager: Mounting plugin MobileLauncherProfileWizard
LogPluginManager: Mounting plugin PluginBrowser
LogPluginManager: Mounting plugin SpeedTreeImporter
LogPluginManager: Mounting plugin DatasmithContent
LogPluginManager: Mounting plugin VariantManagerContent
LogPluginManager: Mounting plugin AlembicImporter
LogPluginManager: Mounting plugin AutomationUtils
LogPluginManager: Mounting plugin BackChannel
LogPluginManager: Mounting plugin CharacterAI
LogPluginManager: Mounting plugin GeometryCache
LogPluginManager: Mounting plugin HTML5Networking
LogPluginManager: Mounting plugin PlatformCrypto
LogPluginManager: Mounting plugin ProxyLODPlugin
LogPluginManager: Mounting plugin SkeletalReduction
LogPluginManager: Mounting plugin MagicLeap
LogPluginManager: Mounting plugin MagicLeapMedia
LogPluginManager: Mounting plugin AndroidMedia
LogPluginManager: Mounting plugin AvfMedia
LogPluginManager: Mounting plugin ImgMedia
LogPluginManager: Mounting plugin MediaCompositing
LogPluginManager: Mounting plugin MediaPlayerEditor
LogPluginManager: Mounting plugin WebMMedia
LogPluginManager: Mounting plugin WmfMedia
LogPluginManager: Mounting plugin TcpMessaging
LogPluginManager: Mounting plugin UdpMessaging
LogPluginManager: Mounting plugin ActorSequence
LogPluginManager: Mounting plugin LevelSequenceEditor
LogPluginManager: Mounting plugin MatineeToLevelSequence
LogPluginManager: Mounting plugin NetcodeUnitTest
LogPluginManager: Mounting plugin NUTUnrealEngine4
LogPluginManager: Mounting plugin OnlineSubsystemGooglePlay
LogPluginManager: Mounting plugin OnlineSubsystemIOS
LogPluginManager: Mounting plugin OnlineSubsystem
LogPluginManager: Mounting plugin OnlineSubsystemNull
LogPluginManager: Mounting plugin OnlineSubsystemUtils
LogPluginManager: Mounting plugin LauncherChunkInstaller
LogPluginManager: Mounting plugin AndroidDeviceProfileSelector
LogPluginManager: Mounting plugin AndroidMoviePlayer
LogPluginManager: Mounting plugin AndroidPermission
LogPluginManager: Mounting plugin AppleImageUtils
LogPluginManager: Mounting plugin AppleMoviePlayer
LogPluginManager: Mounting plugin ArchVisCharacter
LogPluginManager: Mounting plugin AudioCapture
LogPluginManager: Mounting plugin CableComponent
LogPluginManager: Mounting plugin CustomMeshComponent
LogPluginManager: Mounting plugin EditableMesh
LogPluginManager: Mounting plugin ExampleDeviceProfileSelector
LogPluginManager: Mounting plugin GoogleCloudMessaging
LogPluginManager: Mounting plugin IOSDeviceProfileSelector
LogPluginManager: Mounting plugin LinuxDeviceProfileSelector
LogPluginManager: Mounting plugin LocationServicesBPLibrary
LogPluginManager: Mounting plugin MobilePatchingUtils
LogPluginManager: Mounting plugin OculusVR
LogPluginManager: Mounting plugin PhysXVehicles
LogPluginManager: Mounting plugin ProceduralMeshComponent
LogPluginManager: Mounting plugin RuntimePhysXCooking
LogPluginManager: Mounting plugin SignificanceManager
LogPluginManager: Mounting plugin SteamVR
LogPluginManager: Mounting plugin WebMMoviePlayer
LogPluginManager: Mounting plugin WindowsMoviePlayer
LogPluginManager: Mounting plugin ScreenshotTools
LogInit: Using libcurl 7.55.1-DEV
LogInit:  - built for x86_64-pc-win32
LogInit:  - supports SSL with OpenSSL/1.1.1
LogInit:  - supports HTTP deflate (compression) using libz 1.2.8
LogInit:  - other features:
LogInit:      CURL_VERSION_SSL
LogInit:      CURL_VERSION_LIBZ
LogInit:      CURL_VERSION_IPV6
LogInit:      CURL_VERSION_ASYNCHDNS
LogInit:      CURL_VERSION_LARGEFILE
LogInit:      CURL_VERSION_IDN
LogInit:  CurlRequestOptions (configurable via config and command line):
LogInit:  - bVerifyPeer = true  - Libcurl will verify peer certificate
LogInit:  - bUseHttpProxy = false  - Libcurl will NOT use HTTP proxy
LogInit:  - bDontReuseConnections = false  - Libcurl will reuse connections
LogInit:  - MaxHostConnections = 16  - Libcurl will limit the number of connections to a host
LogInit:  - LocalHostAddr = Default
LogInit:  - BufferSize = 65536
LogOnline: OSS: Creating online subsystem instance for: NULL
LogInit: WinSock: version 1.1 (2.2), MaxSocks=32767, MaxUdp=65467
LogInit: Build: ++UE4+Release-4.23-CL-9631420
LogInit: Engine Version: 4.23.1-9631420+++UE4+Release-4.23
LogInit: Compatible Engine Version: 4.23.0-8386587+++UE4+Release-4.23
LogInit: Net CL: 8386587
LogInit: OS: Windows 10 (Release 1903) (), CPU: Intel(R) Core(TM) i5-4210H CPU @ 2.90GHz, GPU: Intel(R) HD Graphics 4600
LogInit: Compiled (64-bit): Oct 18 2019 02:07:44
LogInit: Compiled with Visual C++: 19.16.27030.01
LogInit: Build Configuration: Development
LogInit: Branch Name: ++UE4+Release-4.23
LogInit: Command Line: 
LogInit: Base Directory: C:/Program Files/Epic Games/UE_4.23/Engine/Binaries/Win64/
LogInit: Installed Engine Build: 1
LogDevObjectVersion: Number of dev versions registered: 23
LogDevObjectVersion:   Dev-Blueprints (B0D832E4-1F89-4F0D-ACCF-7EB736FD4AA2): 10
LogDevObjectVersion:   Dev-Build (E1C64328-A22C-4D53-A36C-8E866417BD8C): 0
LogDevObjectVersion:   Dev-Core (375EC13C-06E4-48FB-B500-84F0262A717E): 3
LogDevObjectVersion:   Dev-Editor (E4B068ED-F494-42E9-A231-DA0B2E46BB41): 34
LogDevObjectVersion:   Dev-Framework (CFFC743F-43B0-4480-9391-14DF171D2073): 35
LogDevObjectVersion:   Dev-Mobile (B02B49B5-BB20-44E9-A304-32B752E40360): 2
LogDevObjectVersion:   Dev-Networking (A4E4105C-59A1-49B5-A7C5-40C4547EDFEE): 0
LogDevObjectVersion:   Dev-Online (39C831C9-5AE6-47DC-9A44-9C173E1C8E7C): 0
LogDevObjectVersion:   Dev-Physics (78F01B33-EBEA-4F98-B9B4-84EACCB95AA2): 0
LogDevObjectVersion:   Dev-Platform (6631380F-2D4D-43E0-8009-CF276956A95A): 0
LogDevObjectVersion:   Dev-Rendering (12F88B9F-8875-4AFC-A67C-D90C383ABD29): 31
LogDevObjectVersion:   Dev-Sequencer (7B5AE74C-D270-4C10-A958-57980B212A5A): 11
LogDevObjectVersion:   Dev-VR (D7296918-1DD6-4BDD-9DE2-64A83CC13884): 2
LogDevObjectVersion:   Dev-LoadTimes (C2A15278-BFE7-4AFE-6C17-90FF531DF755): 1
LogDevObjectVersion:   Private-Geometry (6EACA3D4-40EC-4CC1-B786-8BED09428FC5): 3
LogDevObjectVersion:   Dev-AnimPhys (29E575DD-E0A3-4627-9D10-D276232CDCEA): 17
LogDevObjectVersion:   Dev-Anim (AF43A65D-7FD3-4947-9873-3E8ED9C1BB05): 2
LogDevObjectVersion:   Dev-ReflectionCapture (6B266CEC-1EC7-4B8F-A30B-E4D90942FC07): 1
LogDevObjectVersion:   Dev-Automation (0DF73D61-A23F-47EA-B727-89E90C41499A): 1
LogDevObjectVersion:   FortniteMain (601D1886-AC64-4F84-AA16-D3DE0DEAC7D6): 27
LogDevObjectVersion:   Dev-Enterprise (9DFFBCD6-494F-0158-E221-12823C92A888): 6
LogDevObjectVersion:   Dev-Niagara (F2AED0AC-9AFE-416F-8664-AA7FFA26D6FC): 1
LogDevObjectVersion:   Dev-Destruction (174F1F0B-B4C6-45A5-B13F-2EE8D0FB917D): 9
LogInit: Presizing for max 16777216 objects, including 0 objects not considered by GC, pre-allocating 0 bytes for permanent pool.
LogInit: Object subsystem initialized
LogConfig: Setting CVar [[con.DebugEarlyDefault:1]]
LogConfig: Setting CVar [[r.setres:1280x720]]
[2020.01.23-21.24.06:858][  0]LogConfig: Setting CVar [[r.VSync:0]]
[2020.01.23-21.24.06:858][  0]LogConfig: Setting CVar [[r.RHICmdBypass:0]]
[2020.01.23-21.24.06:858][  0]LogConfig: Applying CVar settings from Section [/Script/Engine.RendererSettings] File [D:/Development/Unity/GT2-UE-s0550455/GT2_Game/Saved/Config/Windows/Engine.ini]
[2020.01.23-21.24.06:858][  0]LogConfig: Setting CVar [[r.GPUCrashDebugging:0]]
[2020.01.23-21.24.06:858][  0]LogConfig: Setting CVar [[r.DefaultFeature.AutoExposure.ExtendDefaultLuminanceRange:1]]
[2020.01.23-21.24.06:858][  0]LogConfig: Applying CVar settings from Section [/Script/Engine.RendererOverrideSettings] File [D:/Development/Unity/GT2-UE-s0550455/GT2_Game/Saved/Config/Windows/Engine.ini]
[2020.01.23-21.24.06:858][  0]LogConfig: Applying CVar settings from Section [/Script/Engine.StreamingSettings] File [D:/Development/Unity/GT2-UE-s0550455/GT2_Game/Saved/Config/Windows/Engine.ini]
[2020.01.23-21.24.06:858][  0]LogConfig: Setting CVar [[s.MinBulkDataSizeForAsyncLoading:131072]]
[2020.01.23-21.24.06:858][  0]LogConfig: Setting CVar [[s.AsyncLoadingThreadEnabled:0]]
[2020.01.23-21.24.06:858][  0]LogConfig: Setting CVar [[s.EventDrivenLoaderEnabled:1]]
[2020.01.23-21.24.06:858][  0]LogConfig: Setting CVar [[s.WarnIfTimeLimitExceeded:0]]
[2020.01.23-21.24.06:858][  0]LogConfig: Setting CVar [[s.TimeLimitExceededMultiplier:1.5]]
[2020.01.23-21.24.06:858][  0]LogConfig: Setting CVar [[s.TimeLimitExceededMinTime:0.005]]
[2020.01.23-21.24.06:858][  0]LogConfig: Setting CVar [[s.UseBackgroundLevelStreaming:1]]
[2020.01.23-21.24.06:858][  0]LogConfig: Setting CVar [[s.PriorityAsyncLoadingExtraTime:15.0]]
[2020.01.23-21.24.06:858][  0]LogConfig: Setting CVar [[s.LevelStreamingActorsUpdateTimeLimit:5.0]]
[2020.01.23-21.24.06:858][  0]LogConfig: Setting CVar [[s.PriorityLevelStreamingActorsUpdateExtraTime:5.0]]
[2020.01.23-21.24.06:858][  0]LogConfig: Setting CVar [[s.LevelStreamingComponentsRegistrationGranularity:10]]
[2020.01.23-21.24.06:858][  0]LogConfig: Setting CVar [[s.UnregisterComponentsTimeLimit:1.0]]
[2020.01.23-21.24.06:859][  0]LogConfig: Setting CVar [[s.LevelStreamingComponentsUnregistrationGranularity:5]]
[2020.01.23-21.24.06:859][  0]LogConfig: Applying CVar settings from Section [/Script/Engine.GarbageCollectionSettings] File [D:/Development/Unity/GT2-UE-s0550455/GT2_Game/Saved/Config/Windows/Engine.ini]
[2020.01.23-21.24.06:859][  0]LogConfig: Setting CVar [[gc.MaxObjectsNotConsideredByGC:1]]
[2020.01.23-21.24.06:859][  0]LogConfig: Setting CVar [[gc.SizeOfPermanentObjectPool:0]]
[2020.01.23-21.24.06:859][  0]LogConfig: Setting CVar [[gc.FlushStreamingOnGC:0]]
[2020.01.23-21.24.06:859][  0]LogConfig: Setting CVar [[gc.NumRetriesBeforeForcingGC:10]]
[2020.01.23-21.24.06:859][  0]LogConfig: Setting CVar [[gc.AllowParallelGC:1]]
[2020.01.23-21.24.06:859][  0]LogConfig: Setting CVar [[gc.TimeBetweenPurgingPendingKillObjects:61.1]]
[2020.01.23-21.24.06:859][  0]LogConfig: Setting CVar [[gc.MaxObjectsInEditor:16777216]]
[2020.01.23-21.24.06:859][  0]LogConfig: Setting CVar [[gc.IncrementalBeginDestroyEnabled:1]]
[2020.01.23-21.24.06:859][  0]LogConfig: Setting CVar [[gc.CreateGCClusters:1]]
[2020.01.23-21.24.06:859][  0]LogConfig: Setting CVar [[gc.MinGCClusterSize:5]]
[2020.01.23-21.24.06:859][  0]LogConfig: Setting CVar [[gc.ActorClusteringEnabled:0]]
[2020.01.23-21.24.06:859][  0]LogConfig: Setting CVar [[gc.BlueprintClusteringEnabled:0]]
[2020.01.23-21.24.06:859][  0]LogConfig: Setting CVar [[gc.UseDisregardForGCOnDedicatedServers:0]]
[2020.01.23-21.24.06:859][  0]LogConfig: Applying CVar settings from Section [/Script/Engine.NetworkSettings] File [D:/Development/Unity/GT2-UE-s0550455/GT2_Game/Saved/Config/Windows/Engine.ini]
[2020.01.23-21.24.06:859][  0]LogConfig: Applying CVar settings from Section [/Script/UnrealEd.CookerSettings] File [D:/Development/Unity/GT2-UE-s0550455/GT2_Game/Saved/Config/Windows/Engine.ini]
[2020.01.23-21.24.06:861][  0]LogConfig: Applying CVar settings from Section [ViewDistanceQuality@3] File [D:/Development/Unity/GT2-UE-s0550455/GT2_Game/Saved/Config/Windows/Scalability.ini]
[2020.01.23-21.24.06:861][  0]LogConfig: Setting CVar [[r.SkeletalMeshLODBias:0]]
[2020.01.23-21.24.06:861][  0]LogConfig: Setting CVar [[r.ViewDistanceScale:1.0]]
[2020.01.23-21.24.06:861][  0]LogConfig: Applying CVar settings from Section [AntiAliasingQuality@3] File [D:/Development/Unity/GT2-UE-s0550455/GT2_Game/Saved/Config/Windows/Scalability.ini]
[2020.01.23-21.24.06:861][  0]LogConfig: Setting CVar [[r.PostProcessAAQuality:4]]
[2020.01.23-21.24.06:861][  0]LogConfig: Applying CVar settings from Section [ShadowQuality@3] File [D:/Development/Unity/GT2-UE-s0550455/GT2_Game/Saved/Config/Windows/Scalability.ini]
[2020.01.23-21.24.06:861][  0]LogConfig: Setting CVar [[r.LightFunctionQuality:1]]
[2020.01.23-21.24.06:861][  0]LogConfig: Setting CVar [[r.ShadowQuality:5]]
[2020.01.23-21.24.06:861][  0]LogConfig: Setting CVar [[r.Shadow.CSM.MaxCascades:10]]
[2020.01.23-21.24.06:861][  0]LogConfig: Setting CVar [[r.Shadow.MaxResolution:2048]]
[2020.01.23-21.24.06:861][  0]LogConfig: Setting CVar [[r.Shadow.MaxCSMResolution:2048]]
[2020.01.23-21.24.06:861][  0]LogConfig: Setting CVar [[r.Shadow.RadiusThreshold:0.01]]
[2020.01.23-21.24.06:861][  0]LogConfig: Setting CVar [[r.Shadow.DistanceScale:1.0]]
[2020.01.23-21.24.06:861][  0]LogConfig: Setting CVar [[r.Shadow.CSM.TransitionScale:1.0]]
[2020.01.23-21.24.06:861][  0]LogConfig: Setting CVar [[r.Shadow.PreShadowResolutionFactor:1.0]]
[2020.01.23-21.24.06:861][  0]LogConfig: Setting CVar [[r.DistanceFieldShadowing:1]]
[2020.01.23-21.24.06:861][  0]LogConfig: Setting CVar [[r.DistanceFieldAO:1]]
[2020.01.23-21.24.06:861][  0]LogConfig: Setting CVar [[r.AOQuality:2]]
[2020.01.23-21.24.06:861][  0]LogConfig: Setting CVar [[r.VolumetricFog:1]]
[2020.01.23-21.24.06:861][  0]LogConfig: Setting CVar [[r.VolumetricFog.GridPixelSize:8]]
[2020.01.23-21.24.06:861][  0]LogConfig: Setting CVar [[r.VolumetricFog.GridSizeZ:128]]
[2020.01.23-21.24.06:861][  0]LogConfig: Setting CVar [[r.VolumetricFog.HistoryMissSupersampleCount:4]]
[2020.01.23-21.24.06:861][  0]LogConfig: Setting CVar [[r.LightMaxDrawDistanceScale:1]]
[2020.01.23-21.24.06:861][  0]LogConfig: Setting CVar [[r.CapsuleShadows:1]]
[2020.01.23-21.24.06:861][  0]LogConfig: Applying CVar settings from Section [PostProcessQuality@3] File [D:/Development/Unity/GT2-UE-s0550455/GT2_Game/Saved/Config/Windows/Scalability.ini]
[2020.01.23-21.24.06:861][  0]LogConfig: Setting CVar [[r.MotionBlurQuality:4]]
[2020.01.23-21.24.06:861][  0]LogConfig: Setting CVar [[r.AmbientOcclusionMipLevelFactor:0.4]]
[2020.01.23-21.24.06:861][  0]LogConfig: Setting CVar [[r.AmbientOcclusionMaxQuality:100]]
[2020.01.23-21.24.06:861][  0]LogConfig: Setting CVar [[r.AmbientOcclusionLevels:-1]]
[2020.01.23-21.24.06:861][  0]LogConfig: Setting CVar [[r.AmbientOcclusionRadiusScale:1.0]]
[2020.01.23-21.24.06:861][  0]LogConfig: Setting CVar [[r.DepthOfFieldQuality:2]]
[2020.01.23-21.24.06:861][  0]LogConfig: Setting CVar [[r.RenderTargetPoolMin:400]]
[2020.01.23-21.24.06:861][  0]LogConfig: Setting CVar [[r.LensFlareQuality:2]]
[2020.01.23-21.24.06:861][  0]LogConfig: Setting CVar [[r.SceneColorFringeQuality:1]]
[2020.01.23-21.24.06:861][  0]LogConfig: Setting CVar [[r.EyeAdaptationQuality:2]]
[2020.01.23-21.24.06:861][  0]LogConfig: Setting CVar [[r.BloomQuality:5]]
[2020.01.23-21.24.06:861][  0]LogConfig: Setting CVar [[r.FastBlurThreshold:100]]
[2020.01.23-21.24.06:861][  0]LogConfig: Setting CVar [[r.Upscale.Quality:3]]
[2020.01.23-21.24.06:861][  0]LogConfig: Setting CVar [[r.Tonemapper.GrainQuantization:1]]
[2020.01.23-21.24.06:861][  0]LogConfig: Setting CVar [[r.LightShaftQuality:1]]
[2020.01.23-21.24.06:861][  0]LogConfig: Setting CVar [[r.Filter.SizeScale:1]]
[2020.01.23-21.24.06:861][  0]LogConfig: Setting CVar [[r.Tonemapper.Quality:5]]
[2020.01.23-21.24.06:861][  0]LogConfig: Setting CVar [[r.DOF.Gather.AccumulatorQuality:1        ; higher gathering accumulator quality]]
[2020.01.23-21.24.06:861][  0]LogConfig: Setting CVar [[r.DOF.Gather.PostfilterMethod:1          ; Median3x3 postfilering method]]
[2020.01.23-21.24.06:861][  0]LogConfig: Setting CVar [[r.DOF.Gather.EnableBokehSettings:0       ; no bokeh simulation when gathering]]
[2020.01.23-21.24.06:861][  0]LogConfig: Setting CVar [[r.DOF.Gather.RingCount:4                 ; medium number of samples when gathering]]
[2020.01.23-21.24.06:861][  0]LogConfig: Setting CVar [[r.DOF.Scatter.ForegroundCompositing:1    ; additive foreground scattering]]
[2020.01.23-21.24.06:861][  0]LogConfig: Setting CVar [[r.DOF.Scatter.BackgroundCompositing:2    ; additive background scattering]]
[2020.01.23-21.24.06:861][  0]LogConfig: Setting CVar [[r.DOF.Scatter.EnableBokehSettings:1      ; bokeh simulation when scattering]]
[2020.01.23-21.24.06:861][  0]LogConfig: Setting CVar [[r.DOF.Scatter.MaxSpriteRatio:0.1         ; only a maximum of 10% of scattered bokeh]]
[2020.01.23-21.24.06:861][  0]LogConfig: Setting CVar [[r.DOF.Recombine.Quality:1                ; cheap slight out of focus]]
[2020.01.23-21.24.06:861][  0]LogConfig: Setting CVar [[r.DOF.Recombine.EnableBokehSettings:0    ; no bokeh simulation on slight out of focus]]
[2020.01.23-21.24.06:861][  0]LogConfig: Setting CVar [[r.DOF.TemporalAAQuality:1                ; more stable temporal accumulation]]
[2020.01.23-21.24.06:861][  0]LogConfig: Setting CVar [[r.DOF.Kernel.MaxForegroundRadius:0.025]]
[2020.01.23-21.24.06:861][  0]LogConfig: Setting CVar [[r.DOF.Kernel.MaxBackgroundRadius:0.025]]
[2020.01.23-21.24.06:862][  0]LogConfig: Applying CVar settings from Section [TextureQuality@3] File [D:/Development/Unity/GT2-UE-s0550455/GT2_Game/Saved/Config/Windows/Scalability.ini]
[2020.01.23-21.24.06:862][  0]LogConfig: Setting CVar [[r.Streaming.MipBias:0]]
[2020.01.23-21.24.06:862][  0]LogConfig: Setting CVar [[r.Streaming.AmortizeCPUToGPUCopy:0]]
[2020.01.23-21.24.06:862][  0]LogConfig: Setting CVar [[r.Streaming.MaxNumTexturesToStreamPerFrame:0]]
[2020.01.23-21.24.06:862][  0]LogConfig: Setting CVar [[r.Streaming.Boost:1]]
[2020.01.23-21.24.06:862][  0]LogConfig: Setting CVar [[r.MaxAnisotropy:8]]
[2020.01.23-21.24.06:862][  0]LogConfig: Setting CVar [[r.Streaming.LimitPoolSizeToVRAM:0]]
[2020.01.23-21.24.06:862][  0]LogConfig: Setting CVar [[r.Streaming.PoolSize:1000]]
[2020.01.23-21.24.06:862][  0]LogConfig: Setting CVar [[r.Streaming.MaxEffectiveScreenSize:0]]
[2020.01.23-21.24.06:862][  0]LogConfig: Applying CVar settings from Section [EffectsQuality@3] File [D:/Development/Unity/GT2-UE-s0550455/GT2_Game/Saved/Config/Windows/Scalability.ini]
[2020.01.23-21.24.06:862][  0]LogConfig: Setting CVar [[r.TranslucencyLightingVolumeDim:64]]
[2020.01.23-21.24.06:862][  0]LogConfig: Setting CVar [[r.RefractionQuality:2]]
[2020.01.23-21.24.06:862][  0]LogConfig: Setting CVar [[r.SSR.Quality:3]]
[2020.01.23-21.24.06:862][  0]LogConfig: Setting CVar [[r.SceneColorFormat:4]]
[2020.01.23-21.24.06:862][  0]LogConfig: Setting CVar [[r.DetailMode:2]]
[2020.01.23-21.24.06:862][  0]LogConfig: Setting CVar [[r.TranslucencyVolumeBlur:1]]
[2020.01.23-21.24.06:862][  0]LogConfig: Setting CVar [[r.MaterialQualityLevel:1 ; High quality]]
[2020.01.23-21.24.06:862][  0]LogConfig: Setting CVar [[r.SSS.Scale:1]]
[2020.01.23-21.24.06:862][  0]LogConfig: Setting CVar [[r.SSS.SampleSet:2]]
[2020.01.23-21.24.06:862][  0]LogConfig: Setting CVar [[r.SSS.Quality:1]]
[2020.01.23-21.24.06:862][  0]LogConfig: Setting CVar [[r.SSS.HalfRes:1]]
[2020.01.23-21.24.06:862][  0]LogConfig: Setting CVar [[r.EmitterSpawnRateScale:1.0]]
[2020.01.23-21.24.06:862][  0]LogConfig: Setting CVar [[r.ParticleLightQuality:2]]
[2020.01.23-21.24.06:862][  0]LogConfig: Applying CVar settings from Section [FoliageQuality@3] File [D:/Development/Unity/GT2-UE-s0550455/GT2_Game/Saved/Config/Windows/Scalability.ini]
[2020.01.23-21.24.06:862][  0]LogConfig: Setting CVar [[foliage.DensityScale:1.0]]
[2020.01.23-21.24.06:862][  0]LogConfig: Setting CVar [[grass.DensityScale:1.0]]
[2020.01.23-21.24.06:862][  0]LogInit: Selected Device Profile: [Windows]
[2020.01.23-21.24.06:862][  0]LogInit: Applying CVar settings loaded from the selected device profile: [Windows]
[2020.01.23-21.24.06:864][  0]LogHAL: Display: Platform has ~ 8 GB [8497946624 / 8589934592 / 8], which maps to Default [LargestMinGB=32, LargerMinGB=12, DefaultMinGB=8, SmallerMinGB=6, SmallestMinGB=0)
[2020.01.23-21.24.06:864][  0]LogInit: Going up to parent DeviceProfile []
[2020.01.23-21.24.06:865][  0]LogConfig: Applying CVar settings from Section [ViewDistanceQuality@3] File [D:/Development/Unity/GT2-UE-s0550455/GT2_Game/Saved/Config/Windows/Scalability.ini]
[2020.01.23-21.24.06:865][  0]LogConfig: Setting CVar [[r.SkeletalMeshLODBias:0]]
[2020.01.23-21.24.06:865][  0]LogConfig: Setting CVar [[r.ViewDistanceScale:1.0]]
[2020.01.23-21.24.06:865][  0]LogConfig: Applying CVar settings from Section [AntiAliasingQuality@3] File [D:/Development/Unity/GT2-UE-s0550455/GT2_Game/Saved/Config/Windows/Scalability.ini]
[2020.01.23-21.24.06:865][  0]LogConfig: Setting CVar [[r.PostProcessAAQuality:4]]
[2020.01.23-21.24.06:865][  0]LogConfig: Applying CVar settings from Section [ShadowQuality@3] File [D:/Development/Unity/GT2-UE-s0550455/GT2_Game/Saved/Config/Windows/Scalability.ini]
[2020.01.23-21.24.06:865][  0]LogConfig: Setting CVar [[r.LightFunctionQuality:1]]
[2020.01.23-21.24.06:865][  0]LogConfig: Setting CVar [[r.ShadowQuality:5]]
[2020.01.23-21.24.06:865][  0]LogConfig: Setting CVar [[r.Shadow.CSM.MaxCascades:10]]
[2020.01.23-21.24.06:865][  0]LogConfig: Setting CVar [[r.Shadow.MaxResolution:2048]]
[2020.01.23-21.24.06:865][  0]LogConfig: Setting CVar [[r.Shadow.MaxCSMResolution:2048]]
[2020.01.23-21.24.06:865][  0]LogConfig: Setting CVar [[r.Shadow.RadiusThreshold:0.01]]
[2020.01.23-21.24.06:865][  0]LogConfig: Setting CVar [[r.Shadow.DistanceScale:1.0]]
[2020.01.23-21.24.06:865][  0]LogConfig: Setting CVar [[r.Shadow.CSM.TransitionScale:1.0]]
[2020.01.23-21.24.06:865][  0]LogConfig: Setting CVar [[r.Shadow.PreShadowResolutionFactor:1.0]]
[2020.01.23-21.24.06:865][  0]LogConfig: Setting CVar [[r.DistanceFieldShadowing:1]]
[2020.01.23-21.24.06:865][  0]LogConfig: Setting CVar [[r.DistanceFieldAO:1]]
[2020.01.23-21.24.06:865][  0]LogConfig: Setting CVar [[r.AOQuality:2]]
[2020.01.23-21.24.06:865][  0]LogConfig: Setting CVar [[r.VolumetricFog:1]]
[2020.01.23-21.24.06:865][  0]LogConfig: Setting CVar [[r.VolumetricFog.GridPixelSize:8]]
[2020.01.23-21.24.06:865][  0]LogConfig: Setting CVar [[r.VolumetricFog.GridSizeZ:128]]
[2020.01.23-21.24.06:865][  0]LogConfig: Setting CVar [[r.VolumetricFog.HistoryMissSupersampleCount:4]]
[2020.01.23-21.24.06:865][  0]LogConfig: Setting CVar [[r.LightMaxDrawDistanceScale:1]]
[2020.01.23-21.24.06:865][  0]LogConfig: Setting CVar [[r.CapsuleShadows:1]]
[2020.01.23-21.24.06:865][  0]LogConfig: Applying CVar settings from Section [PostProcessQuality@3] File [D:/Development/Unity/GT2-UE-s0550455/GT2_Game/Saved/Config/Windows/Scalability.ini]
[2020.01.23-21.24.06:865][  0]LogConfig: Setting CVar [[r.MotionBlurQuality:4]]
[2020.01.23-21.24.06:865][  0]LogConfig: Setting CVar [[r.AmbientOcclusionMipLevelFactor:0.4]]
[2020.01.23-21.24.06:865][  0]LogConfig: Setting CVar [[r.AmbientOcclusionMaxQuality:100]]
[2020.01.23-21.24.06:865][  0]LogConfig: Setting CVar [[r.AmbientOcclusionLevels:-1]]
[2020.01.23-21.24.06:865][  0]LogConfig: Setting CVar [[r.AmbientOcclusionRadiusScale:1.0]]
[2020.01.23-21.24.06:865][  0]LogConfig: Setting CVar [[r.DepthOfFieldQuality:2]]
[2020.01.23-21.24.06:865][  0]LogConfig: Setting CVar [[r.RenderTargetPoolMin:400]]
[2020.01.23-21.24.06:865][  0]LogConfig: Setting CVar [[r.LensFlareQuality:2]]
[2020.01.23-21.24.06:865][  0]LogConfig: Setting CVar [[r.SceneColorFringeQuality:1]]
[2020.01.23-21.24.06:865][  0]LogConfig: Setting CVar [[r.EyeAdaptationQuality:2]]
[2020.01.23-21.24.06:865][  0]LogConfig: Setting CVar [[r.BloomQuality:5]]
[2020.01.23-21.24.06:865][  0]LogConfig: Setting CVar [[r.FastBlurThreshold:100]]
[2020.01.23-21.24.06:865][  0]LogConfig: Setting CVar [[r.Upscale.Quality:3]]
[2020.01.23-21.24.06:865][  0]LogConfig: Setting CVar [[r.Tonemapper.GrainQuantization:1]]
[2020.01.23-21.24.06:865][  0]LogConfig: Setting CVar [[r.LightShaftQuality:1]]
[2020.01.23-21.24.06:865][  0]LogConfig: Setting CVar [[r.Filter.SizeScale:1]]
[2020.01.23-21.24.06:865][  0]LogConfig: Setting CVar [[r.Tonemapper.Quality:5]]
[2020.01.23-21.24.06:865][  0]LogConfig: Setting CVar [[r.DOF.Gather.AccumulatorQuality:1        ; higher gathering accumulator quality]]
[2020.01.23-21.24.06:865][  0]LogConfig: Setting CVar [[r.DOF.Gather.PostfilterMethod:1          ; Median3x3 postfilering method]]
[2020.01.23-21.24.06:865][  0]LogConfig: Setting CVar [[r.DOF.Gather.EnableBokehSettings:0       ; no bokeh simulation when gathering]]
[2020.01.23-21.24.06:865][  0]LogConfig: Setting CVar [[r.DOF.Gather.RingCount:4                 ; medium number of samples when gathering]]
[2020.01.23-21.24.06:865][  0]LogConfig: Setting CVar [[r.DOF.Scatter.ForegroundCompositing:1    ; additive foreground scattering]]
[2020.01.23-21.24.06:865][  0]LogConfig: Setting CVar [[r.DOF.Scatter.BackgroundCompositing:2    ; additive background scattering]]
[2020.01.23-21.24.06:865][  0]LogConfig: Setting CVar [[r.DOF.Scatter.EnableBokehSettings:1      ; bokeh simulation when scattering]]
[2020.01.23-21.24.06:865][  0]LogConfig: Setting CVar [[r.DOF.Scatter.MaxSpriteRatio:0.1         ; only a maximum of 10% of scattered bokeh]]
[2020.01.23-21.24.06:865][  0]LogConfig: Setting CVar [[r.DOF.Recombine.Quality:1                ; cheap slight out of focus]]
[2020.01.23-21.24.06:865][  0]LogConfig: Setting CVar [[r.DOF.Recombine.EnableBokehSettings:0    ; no bokeh simulation on slight out of focus]]
[2020.01.23-21.24.06:865][  0]LogConfig: Setting CVar [[r.DOF.TemporalAAQuality:1                ; more stable temporal accumulation]]
[2020.01.23-21.24.06:865][  0]LogConfig: Setting CVar [[r.DOF.Kernel.MaxForegroundRadius:0.025]]
[2020.01.23-21.24.06:865][  0]LogConfig: Setting CVar [[r.DOF.Kernel.MaxBackgroundRadius:0.025]]
[2020.01.23-21.24.06:865][  0]LogConfig: Applying CVar settings from Section [TextureQuality@3] File [D:/Development/Unity/GT2-UE-s0550455/GT2_Game/Saved/Config/Windows/Scalability.ini]
[2020.01.23-21.24.06:865][  0]LogConfig: Setting CVar [[r.Streaming.MipBias:0]]
[2020.01.23-21.24.06:865][  0]LogConfig: Setting CVar [[r.Streaming.AmortizeCPUToGPUCopy:0]]
[2020.01.23-21.24.06:865][  0]LogConfig: Setting CVar [[r.Streaming.MaxNumTexturesToStreamPerFrame:0]]
[2020.01.23-21.24.06:865][  0]LogConfig: Setting CVar [[r.Streaming.Boost:1]]
[2020.01.23-21.24.06:865][  0]LogConfig: Setting CVar [[r.MaxAnisotropy:8]]
[2020.01.23-21.24.06:865][  0]LogConfig: Setting CVar [[r.Streaming.LimitPoolSizeToVRAM:0]]
[2020.01.23-21.24.06:865][  0]LogConfig: Setting CVar [[r.Streaming.PoolSize:1000]]
[2020.01.23-21.24.06:865][  0]LogConfig: Setting CVar [[r.Streaming.MaxEffectiveScreenSize:0]]
[2020.01.23-21.24.06:865][  0]LogConfig: Applying CVar settings from Section [EffectsQuality@3] File [D:/Development/Unity/GT2-UE-s0550455/GT2_Game/Saved/Config/Windows/Scalability.ini]
[2020.01.23-21.24.06:865][  0]LogConfig: Setting CVar [[r.TranslucencyLightingVolumeDim:64]]
[2020.01.23-21.24.06:865][  0]LogConfig: Setting CVar [[r.RefractionQuality:2]]
[2020.01.23-21.24.06:865][  0]LogConfig: Setting CVar [[r.SSR.Quality:3]]
[2020.01.23-21.24.06:865][  0]LogConfig: Setting CVar [[r.SceneColorFormat:4]]
[2020.01.23-21.24.06:865][  0]LogConfig: Setting CVar [[r.DetailMode:2]]
[2020.01.23-21.24.06:865][  0]LogConfig: Setting CVar [[r.TranslucencyVolumeBlur:1]]
[2020.01.23-21.24.06:865][  0]LogConfig: Setting CVar [[r.MaterialQualityLevel:1 ; High quality]]
[2020.01.23-21.24.06:865][  0]LogConfig: Setting CVar [[r.SSS.Scale:1]]
[2020.01.23-21.24.06:865][  0]LogConfig: Setting CVar [[r.SSS.SampleSet:2]]
[2020.01.23-21.24.06:865][  0]LogConfig: Setting CVar [[r.SSS.Quality:1]]
[2020.01.23-21.24.06:866][  0]LogConfig: Setting CVar [[r.SSS.HalfRes:1]]
[2020.01.23-21.24.06:866][  0]LogConfig: Setting CVar [[r.EmitterSpawnRateScale:1.0]]
[2020.01.23-21.24.06:866][  0]LogConfig: Setting CVar [[r.ParticleLightQuality:2]]
[2020.01.23-21.24.06:866][  0]LogConfig: Applying CVar settings from Section [FoliageQuality@3] File [D:/Development/Unity/GT2-UE-s0550455/GT2_Game/Saved/Config/Windows/Scalability.ini]
[2020.01.23-21.24.06:866][  0]LogConfig: Setting CVar [[foliage.DensityScale:1.0]]
[2020.01.23-21.24.06:866][  0]LogConfig: Setting CVar [[grass.DensityScale:1.0]]
[2020.01.23-21.24.06:866][  0]LogConfig: Applying CVar settings from Section [Startup] File [../../../Engine/Config/ConsoleVariables.ini]
[2020.01.23-21.24.06:866][  0]LogConfig: Setting CVar [[net.UseAdaptiveNetUpdateFrequency:0]]
[2020.01.23-21.24.06:866][  0]LogConfig: Setting CVar [[p.chaos.AllowCreatePhysxBodies:1]]
[2020.01.23-21.24.06:866][  0]LogConfig: Applying CVar settings from Section [ConsoleVariables] File [D:/Development/Unity/GT2-UE-s0550455/GT2_Game/Saved/Config/Windows/Engine.ini]
[2020.01.23-21.24.06:866][  0]LogInit: Computer: DESKTOP-U25EO8L
[2020.01.23-21.24.06:866][  0]LogInit: User: Sivri
[2020.01.23-21.24.06:866][  0]LogInit: CPU Page size=4096, Cores=2
[2020.01.23-21.24.06:866][  0]LogInit: High frequency timer resolution =10.000000 MHz
[2020.01.23-21.24.06:866][  0]LogMemory: Memory total: Physical=7.9GB (8GB approx)
[2020.01.23-21.24.06:866][  0]LogMemory: Platform Memory Stats for Windows
[2020.01.23-21.24.06:866][  0]LogMemory: Process Physical Memory: 99.88 MB used, 99.88 MB peak
[2020.01.23-21.24.06:866][  0]LogMemory: Process Virtual Memory: 87.72 MB used, 87.72 MB peak
[2020.01.23-21.24.06:866][  0]LogMemory: Physical Memory: 4326.41 MB used,  3777.86 MB free, 8104.27 MB total
[2020.01.23-21.24.06:866][  0]LogMemory: Virtual Memory: 4639.56 MB used,  134213088.00 MB free, 134217728.00 MB total
[2020.01.23-21.24.06:868][  0]LogWindows: WindowsPlatformFeatures enabled
[2020.01.23-21.24.06:890][  0]LogInit: Using OS detected language (de-DE).
[2020.01.23-21.24.06:890][  0]LogInit: Using OS detected locale (de-DE).
[2020.01.23-21.24.06:891][  0]LogTextLocalizationManager: No specific localization for 'de-DE' exists, so the 'de' localization will be used.
[2020.01.23-21.24.06:891][  0]LogTextLocalizationResource: LocRes '../../../Engine/Content/Localization/Editor/de/Editor.locres' could not be opened for reading!
[2020.01.23-21.24.06:891][  0]LogTextLocalizationResource: LocRes '../../../Engine/Content/Localization/EditorTutorials/de/EditorTutorials.locres' could not be opened for reading!
[2020.01.23-21.24.06:891][  0]LogTextLocalizationResource: LocRes '../../../Engine/Content/Localization/Keywords/de/Keywords.locres' could not be opened for reading!
[2020.01.23-21.24.06:892][  0]LogTextLocalizationResource: LocRes '../../../Engine/Content/Localization/Category/de/Category.locres' could not be opened for reading!
[2020.01.23-21.24.06:892][  0]LogTextLocalizationResource: LocRes '../../../Engine/Content/Localization/ToolTips/de/ToolTips.locres' could not be opened for reading!
[2020.01.23-21.24.06:892][  0]LogTextLocalizationResource: LocRes '../../../Engine/Content/Localization/PropertyNames/de/PropertyNames.locres' could not be opened for reading!
[2020.01.23-21.24.06:892][  0]LogTextLocalizationResource: LocRes '../../../Engine/Content/Localization/Engine/de/Engine.locres' could not be opened for reading!
[2020.01.23-21.24.06:892][  0]LogInit: Setting process to per monitor DPI aware
[2020.01.23-21.24.06:927][  0]LogSlate: New Slate User Created.  User Index 0, Is Virtual User: 0
[2020.01.23-21.24.06:927][  0]LogSlate: Slate User Registered.  User Index 0, Is Virtual User: 0
[2020.01.23-21.24.07:121][  0]LogHMD: Failed to initialize OpenVR with code 110
[2020.01.23-21.24.07:121][  0]LogD3D11RHI: D3D11 adapters:
[2020.01.23-21.24.07:189][  0]LogD3D11RHI:    0. 'NVIDIA GeForce GTX 860M' (Feature Level 11_0)
[2020.01.23-21.24.07:189][  0]LogD3D11RHI:       2010/0/4052 MB DedicatedVideo/DedicatedSystem/SharedSystem, Outputs:1, VendorId:0x10de
[2020.01.23-21.24.07:195][  0]LogD3D11RHI:    1. 'Intel(R) HD Graphics 4600' (Feature Level 11_0)
[2020.01.23-21.24.07:195][  0]LogD3D11RHI:       112/0/2048 MB DedicatedVideo/DedicatedSystem/SharedSystem, Outputs:0, VendorId:0x8086
[2020.01.23-21.24.07:197][  0]LogD3D11RHI:    2. 'Microsoft Basic Render Driver' (Feature Level 11_0)
[2020.01.23-21.24.07:197][  0]LogD3D11RHI:       0/0/4052 MB DedicatedVideo/DedicatedSystem/SharedSystem, Outputs:0, VendorId:0x1414
[2020.01.23-21.24.07:197][  0]LogD3D11RHI: Chosen D3D11 Adapter: 0
[2020.01.23-21.24.07:219][  0]LogD3D11RHI: Creating new Direct3DDevice
[2020.01.23-21.24.07:219][  0]LogD3D11RHI:     GPU DeviceId: 0x1392 (for the marketing name, search the web for "GPU Device Id")
[2020.01.23-21.24.07:219][  0]LogWindows: EnumDisplayDevices:
[2020.01.23-21.24.07:219][  0]LogWindows:    0. 'Intel(R) HD Graphics 4600' (P:1 D:1)
[2020.01.23-21.24.07:219][  0]LogWindows:    1. 'Intel(R) HD Graphics 4600' (P:0 D:0)
[2020.01.23-21.24.07:219][  0]LogWindows:    2. 'Intel(R) HD Graphics 4600' (P:0 D:0)
[2020.01.23-21.24.07:220][  0]LogWindows: DebugString: PrimaryIsNotTheChoosenAdapter PrimaryIsNotTheChoosenAdapter PrimaryIsNotTheChoosenAdapter FoundDriverCount:0 
[2020.01.23-21.24.07:220][  0]LogD3D11RHI:     Adapter Name: NVIDIA GeForce GTX 860M
[2020.01.23-21.24.07:220][  0]LogD3D11RHI:   Driver Version: Unknown (internal:Unknown, unified:Unknown)
[2020.01.23-21.24.07:220][  0]LogD3D11RHI:      Driver Date: Unknown
[2020.01.23-21.24.07:220][  0]LogRHI: Texture pool is 1407 MB (70% of 2010 MB)
[2020.01.23-21.24.07:263][  0]LogD3D11RHI: Async texture creation enabled
[2020.01.23-21.24.07:278][  0]LogD3D11RHI: GPU Timing Frequency: 1000.000000 (Debug: 2 1)
[2020.01.23-21.24.07:603][  0]LogTemp: Display: Module 'AllDesktopTargetPlatform' loaded TargetPlatform 'AllDesktop'
[2020.01.23-21.24.07:612][  0]LogTemp: Display: Module 'MacClientTargetPlatform' loaded TargetPlatform 'MacClient'
[2020.01.23-21.24.07:621][  0]LogTemp: Display: Module 'MacNoEditorTargetPlatform' loaded TargetPlatform 'MacNoEditor'
[2020.01.23-21.24.07:633][  0]LogTemp: Display: Module 'MacServerTargetPlatform' loaded TargetPlatform 'MacServer'
[2020.01.23-21.24.07:647][  0]LogTemp: Display: Module 'MacTargetPlatform' loaded TargetPlatform 'Mac'
[2020.01.23-21.24.07:656][  0]LogTemp: Display: Module 'WindowsClientTargetPlatform' loaded TargetPlatform 'WindowsClient'
[2020.01.23-21.24.07:665][  0]LogTemp: Display: Module 'WindowsNoEditorTargetPlatform' loaded TargetPlatform 'WindowsNoEditor'
[2020.01.23-21.24.07:673][  0]LogTemp: Display: Module 'WindowsServerTargetPlatform' loaded TargetPlatform 'WindowsServer'
[2020.01.23-21.24.07:678][  0]LogTemp: Display: Module 'WindowsTargetPlatform' loaded TargetPlatform 'Windows'
[2020.01.23-21.24.07:717][  0]LogTemp: Display: Module 'AndroidTargetPlatform' loaded TargetPlatform 'Android'
[2020.01.23-21.24.07:718][  0]LogTemp: Display: Module 'AndroidTargetPlatform' loaded TargetPlatform 'Android_ASTC'
[2020.01.23-21.24.07:718][  0]LogTemp: Display: Module 'AndroidTargetPlatform' loaded TargetPlatform 'Android_ATC'
[2020.01.23-21.24.07:718][  0]LogTemp: Display: Module 'AndroidTargetPlatform' loaded TargetPlatform 'Android_DXT'
[2020.01.23-21.24.07:718][  0]LogTemp: Display: Module 'AndroidTargetPlatform' loaded TargetPlatform 'Android_ETC1'
[2020.01.23-21.24.07:718][  0]LogTemp: Display: Module 'AndroidTargetPlatform' loaded TargetPlatform 'Android_ETC1a'
[2020.01.23-21.24.07:718][  0]LogTemp: Display: Module 'AndroidTargetPlatform' loaded TargetPlatform 'Android_ETC2'
[2020.01.23-21.24.07:718][  0]LogTemp: Display: Module 'AndroidTargetPlatform' loaded TargetPlatform 'Android_PVRTC'
[2020.01.23-21.24.07:718][  0]LogTemp: Display: Module 'AndroidTargetPlatform' loaded TargetPlatform 'AndroidClient'
[2020.01.23-21.24.07:718][  0]LogTemp: Display: Module 'AndroidTargetPlatform' loaded TargetPlatform 'Android_ASTCClient'
[2020.01.23-21.24.07:718][  0]LogTemp: Display: Module 'AndroidTargetPlatform' loaded TargetPlatform 'Android_ATCClient'
[2020.01.23-21.24.07:718][  0]LogTemp: Display: Module 'AndroidTargetPlatform' loaded TargetPlatform 'Android_DXTClient'
[2020.01.23-21.24.07:718][  0]LogTemp: Display: Module 'AndroidTargetPlatform' loaded TargetPlatform 'Android_ETC1Client'
[2020.01.23-21.24.07:718][  0]LogTemp: Display: Module 'AndroidTargetPlatform' loaded TargetPlatform 'Android_ETC1aClient'
[2020.01.23-21.24.07:718][  0]LogTemp: Display: Module 'AndroidTargetPlatform' loaded TargetPlatform 'Android_ETC2Client'
[2020.01.23-21.24.07:718][  0]LogTemp: Display: Module 'AndroidTargetPlatform' loaded TargetPlatform 'Android_PVRTCClient'
[2020.01.23-21.24.07:718][  0]LogTemp: Display: Module 'AndroidTargetPlatform' loaded TargetPlatform 'Android_Multi'
[2020.01.23-21.24.07:718][  0]LogTemp: Display: Module 'AndroidTargetPlatform' loaded TargetPlatform 'Android_MultiClient'
[2020.01.23-21.24.07:719][  0]LogTemp: Display: Module 'HTML5TargetPlatform' loaded TargetPlatform 'HTML5'
[2020.01.23-21.24.07:742][  0]LogTemp: Display: Module 'IOSTargetPlatform' loaded TargetPlatform 'IOSClient'
[2020.01.23-21.24.07:742][  0]LogTemp: Display: Module 'IOSTargetPlatform' loaded TargetPlatform 'IOS'
[2020.01.23-21.24.07:759][  0]LogTemp: Display: Module 'TVOSTargetPlatform' loaded TargetPlatform 'TVOSClient'
[2020.01.23-21.24.07:759][  0]LogTemp: Display: Module 'TVOSTargetPlatform' loaded TargetPlatform 'TVOS'
[2020.01.23-21.24.07:767][  0]LogTemp: Display: Module 'LinuxClientTargetPlatform' loaded TargetPlatform 'LinuxClient'
[2020.01.23-21.24.07:775][  0]LogTemp: Display: Module 'LinuxNoEditorTargetPlatform' loaded TargetPlatform 'LinuxNoEditor'
[2020.01.23-21.24.07:784][  0]LogTemp: Display: Module 'LinuxServerTargetPlatform' loaded TargetPlatform 'LinuxServer'
[2020.01.23-21.24.07:798][  0]LogTemp: Display: Module 'LinuxTargetPlatform' loaded TargetPlatform 'Linux'
[2020.01.23-21.24.07:830][  0]LogTemp: Display: Module 'LuminTargetPlatform' loaded TargetPlatform 'Lumin'
[2020.01.23-21.24.07:830][  0]LogTemp: Display: Module 'LuminTargetPlatform' loaded TargetPlatform 'LuminClient'
[2020.01.23-21.24.07:830][  0]LogTargetPlatformManager: Display: Building Assets For Windows
[2020.01.23-21.24.07:841][  0]LogAudioDebug: Display: Lib vorbis DLL was dynamically loaded.
[2020.01.23-21.24.07:895][  0]LogShaderCompilers: Guid format shader working directory is 1 characters bigger than the processId version (D:/Development/Unity/GT2-UE-s0550455/GT2_Game/Intermediate/Shaders/WorkingDirectory/9780/).
[2020.01.23-21.24.07:895][  0]LogShaderCompilers: Cleaned the shader compiler working directory 'C:/Users/Sivri/AppData/Local/Temp/UnrealShaderWorkingDir/E137F1F24FC6C8C64984CA99221B91F4/'.
[2020.01.23-21.24.07:898][  0]LogXGEController: Cannot use XGE Controller as Incredibuild is not installed on this machine.
[2020.01.23-21.24.07:898][  0]LogShaderCompilers: Cannot use XGE Shader Compiler as Incredibuild is not installed on this machine.
[2020.01.23-21.24.07:898][  0]LogShaderCompilers: Display: Using Local Shader Compiler.
[2020.01.23-21.24.08:631][  0]LogDerivedDataCache: Display: Max Cache Size: 512 MB
[2020.01.23-21.24.08:698][  0]LogDerivedDataCache: Loaded boot cache 0.07s 73MB C:/Users/Sivri/AppData/Local/UnrealEngine/4.23/DerivedDataCache/Boot.ddc.
[2020.01.23-21.24.08:698][  0]LogDerivedDataCache: Display: Loaded Boot cache: C:/Users/Sivri/AppData/Local/UnrealEngine/4.23/DerivedDataCache/Boot.ddc
[2020.01.23-21.24.08:699][  0]LogDerivedDataCache: FDerivedDataBackendGraph:  Pak pak cache file D:/Development/Unity/GT2-UE-s0550455/GT2_Game/DerivedDataCache/DDC.ddp not found, will not use a pak cache.
[2020.01.23-21.24.08:699][  0]LogDerivedDataCache: Unable to find inner node Pak for hierarchical cache Hierarchy.
[2020.01.23-21.24.08:699][  0]LogDerivedDataCache: FDerivedDataBackendGraph:  CompressedPak pak cache file D:/Development/Unity/GT2-UE-s0550455/GT2_Game/DerivedDataCache/Compressed.ddp not found, will not use a pak cache.
[2020.01.23-21.24.08:699][  0]LogDerivedDataCache: Unable to find inner node CompressedPak for hierarchical cache Hierarchy.
[2020.01.23-21.24.08:713][  0]LogDerivedDataCache: Display: Pak cache opened for reading ../../../Engine/DerivedDataCache/Compressed.ddp.
[2020.01.23-21.24.08:713][  0]LogDerivedDataCache: FDerivedDataBackendGraph:  EnterprisePak pak cache file ../../../Enterprise/DerivedDataCache/Compressed.ddp not found, will not use a pak cache.
[2020.01.23-21.24.08:713][  0]LogDerivedDataCache: Unable to find inner node EnterprisePak for hierarchical cache Hierarchy.
[2020.01.23-21.24.08:714][  0]LogDerivedDataCache: Using Local data cache path C:/Users/Sivri/AppData/Local/UnrealEngine/Common/DerivedDataCache: Writable
[2020.01.23-21.24.08:714][  0]LogDerivedDataCache: Shared data cache path not found in *engine.ini, will not use an Shared cache.
[2020.01.23-21.24.08:714][  0]LogDerivedDataCache: Unable to find inner node Shared for hierarchical cache Hierarchy.
[2020.01.23-21.24.08:746][  0]LogMaterial: Verifying Global Shaders for PCD3D_SM5
[2020.01.23-21.24.08:749][  0]LogSlate: Using FreeType 2.6.0
[2020.01.23-21.24.08:750][  0]LogSlate: SlateFontServices - WITH_FREETYPE: 1, WITH_HARFBUZZ: 1
[2020.01.23-21.24.08:828][  0]LogAssetRegistry: FAssetRegistry took 0.0038 seconds to start up
[2020.01.23-21.24.09:299][  0]LogInit: Selected Device Profile: [Windows]
[2020.01.23-21.24.10:090][  0]LogMeshReduction: Using QuadricMeshReduction for automatic static mesh reduction
[2020.01.23-21.24.10:090][  0]LogMeshReduction: Using SimplygonMeshReduction for automatic skeletal mesh reduction
[2020.01.23-21.24.10:090][  0]LogMeshReduction: Using ProxyLODMeshReduction for automatic mesh merging
[2020.01.23-21.24.10:090][  0]LogMeshReduction: No distributed automatic mesh merging module available
[2020.01.23-21.24.10:090][  0]LogMeshMerging: No distributed automatic mesh merging module available
[2020.01.23-21.24.10:135][  0]LogNetVersion: GT2_Game 1.0.0, NetCL: 8386587, EngineNetVer: 11, GameNetVer: 0 (Checksum: 1582100498)
[2020.01.23-21.24.11:214][  0]LogPackageLocalizationCache: Processed 12 localized package path(s) for 1 prioritized culture(s) in 0.059572 seconds
[2020.01.23-21.24.11:226][  0]LogUObjectArray: 43444 objects as part of root set at end of initial load.
[2020.01.23-21.24.11:226][  0]LogUObjectAllocator: 7548648 out of 0 bytes used by permanent object pool.
[2020.01.23-21.24.11:226][  0]LogUObjectArray: CloseDisregardForGC: 0/0 objects in disregard for GC pool
[2020.01.23-21.24.12:062][  0]LogTcpMessaging: Initializing TcpMessaging bridge
[2020.01.23-21.24.12:065][  0]LogUdpMessaging: Initializing bridge on interface 0.0.0.0:0 to multicast group 230.0.0.1:6666.
[2020.01.23-21.24.12:121][  0]SourceControl: Source control is disabled
[2020.01.23-21.24.12:121][  0]SourceControl: Source control is disabled
[2020.01.23-21.24.12:122][  0]SourceControl: Source control is disabled
[2020.01.23-21.24.12:123][  0]SourceControl: Source control is disabled
[2020.01.23-21.24.12:206][  0]LogAndroidPermission: UAndroidPermissionCallbackProxy::GetInstance
[2020.01.23-21.24.12:343][  0]LogOcInput: OculusInput pre-init called
[2020.01.23-21.24.12:349][  0]LogWindows: Failed to load 'OVRPlugin.dll' (GetLastError=126)
[2020.01.23-21.24.12:349][  0]LogWindows: File 'OVRPlugin.dll' does not exist
[2020.01.23-21.24.12:422][  0]LogEngine: Initializing Engine...
[2020.01.23-21.24.12:422][  0]LogHMD: Failed to initialize OpenVR with code 110
[2020.01.23-21.24.12:423][  0]LogStats: UGameplayTagsManager::InitializeManager -  0.000 s
[2020.01.23-21.24.12:675][  0]LogInit: Initializing FReadOnlyCVARCache
[2020.01.23-21.24.12:691][  0]LogAIModule: Creating AISystem for world Untitled
[2020.01.23-21.24.12:719][  0]LogInit: XAudio2 using 'Lautsprecher (High Definition Audio Device)' : 2 channels at 48 kHz using 16 bits per sample (channel mask 0x3)
[2020.01.23-21.24.12:749][  0]LogInit: FAudioDevice initialized.
[2020.01.23-21.24.12:749][  0]LogNetVersion: Set ProjectVersion to 1.0.0.0. Version Checksum will be recalculated on next use.
[2020.01.23-21.24.12:827][  0]LogDerivedDataCache: Saved boot cache 0.08s 73MB C:/Users/Sivri/AppData/Local/UnrealEngine/4.23/DerivedDataCache/Boot.ddc.
[2020.01.23-21.24.12:835][  0]LogInit: Texture streaming: Enabled
[2020.01.23-21.24.12:855][  0]LogEngineSessionManager: EngineSessionManager initialized
[2020.01.23-21.24.12:855][  0]LogEditorSessionSummary: Verbose: Initializing EditorSessionSummaryWriter for editor session tracking
[2020.01.23-21.24.12:855][  0]LogEditorSessionSummary: EditorSessionSummaryWriter initialized
[2020.01.23-21.24.12:916][  0]LogInit: Transaction tracking system initialized
[2020.01.23-21.24.12:949][  0]BlueprintLog: New page: Editor Load
[2020.01.23-21.24.13:026][  0]LocalizationService: Localization service is disabled
[2020.01.23-21.24.13:304][  0]LogCook: Display: Max memory allowance for cook 16384mb min free memory 0mb
[2020.01.23-21.24.13:305][  0]LogCook: Display: Mobile HDR setting 1
[2020.01.23-21.24.13:370][  0]LogFileCache: Scanning file cache for directory 'D:/Development/Unity/GT2-UE-s0550455/GT2_Game/Content/' took 0.03s
[2020.01.23-21.24.13:492][  0]SourceControl: Source control is disabled
[2020.01.23-21.24.13:492][  0]Cmd: MAP LOAD FILE="D:/Development/Unity/GT2-UE-s0550455/GT2_Game/Content/StarterContent/Maps/Minimal_Default.umap" TEMPLATE=0 SHOWPROGRESS=1 FEATURELEVEL=3
[2020.01.23-21.24.13:492][  0]LogEditorServer: Warning: Can't find file 'D:/Development/Unity/GT2-UE-s0550455/GT2_Game/Content/StarterContent/Maps/Minimal_Default.umap'
[2020.01.23-21.24.13:492][  0]Cmd: MAP CHECKDEP NOCLEARLOG
[2020.01.23-21.24.13:492][  0]MapCheck: Map check complete: 0 Error(s), 0 Warning(s), took 0,088ms to complete.
[2020.01.23-21.24.13:492][  0]LogFileHelpers: Loading map 'Minimal_Default' took 0.000
[2020.01.23-21.24.13:700][  0]LogSlate: Updating window title bar state: overlay mode, drag disabled, window buttons hidden, title bar hidden
[2020.01.23-21.24.13:710][  0]LogSlate: Updating window title bar state: overlay mode, drag disabled, window buttons hidden, title bar hidden
[2020.01.23-21.24.13:718][  0]LogSlate: Updating window title bar state: overlay mode, drag disabled, window buttons hidden, title bar hidden
[2020.01.23-21.24.13:727][  0]LogSlate: Updating window title bar state: overlay mode, drag disabled, window buttons hidden, title bar hidden
[2020.01.23-21.24.13:745][  0]LogCollectionManager: Loaded 0 collections in 0.001924 seconds
[2020.01.23-21.24.13:769][  0]LogFileCache: Scanning file cache for directory 'D:/Development/Unity/GT2-UE-s0550455/GT2_Game/Saved/Collections/' took 0.00s
[2020.01.23-21.24.13:769][  0]LogFileCache: Scanning file cache for directory 'D:/Development/Unity/GT2-UE-s0550455/GT2_Game/Content/Developers/Sivri/Collections/' took 0.00s
[2020.01.23-21.24.13:769][  0]LogFileCache: Scanning file cache for directory 'D:/Development/Unity/GT2-UE-s0550455/GT2_Game/Content/Collections/' took 0.00s
[2020.01.23-21.24.13:769][  0]LogCollectionManager: Rebuilt the GUID cache for 0 collections in 0.000001 seconds
[2020.01.23-21.24.13:780][  0]LogContentBrowser: Native class hierarchy populated in 0.0095 seconds. Added 2863 classes and 680 folders.
[2020.01.23-21.24.13:798][  0]LogContentBrowser: Native class hierarchy updated for 'WidgetCarousel' in 0.0003 seconds. Added 0 classes and 0 folders.
[2020.01.23-21.24.14:228][  0]LogContentBrowser: Native class hierarchy updated for 'AddContentDialog' in 0.0003 seconds. Added 0 classes and 0 folders.
[2020.01.23-21.24.14:244][  0]LogContentBrowser: Native class hierarchy updated for 'SceneOutliner' in 0.0003 seconds. Added 1 classes and 2 folders.
[2020.01.23-21.24.14:393][  0]LogSlate: Took 0.000224 seconds to synchronously load lazily loaded font '../../../Engine/Content/Slate/Fonts/Roboto-Regular.ttf' (155K)
[2020.01.23-21.24.14:395][  0]LogSlate: Took 0.000200 seconds to synchronously load lazily loaded font '../../../Engine/Content/Slate/Fonts/Roboto-Bold.ttf' (160K)
[2020.01.23-21.24.14:412][  0]LogSlate: Took 0.009477 seconds to synchronously load lazily loaded font '../../../Engine/Content/Editor/Slate/Fonts/FontAwesome.ttf' (139K)
[2020.01.23-21.24.14:577][  0]LogRenderer: Reallocating scene render targets to support 968x444 Format 10 NumSamples 1 (Frame:1).
[2020.01.23-21.24.14:747][  0]LogContentBrowser: Native class hierarchy updated for 'HierarchicalLODOutliner' in 0.0003 seconds. Added 0 classes and 0 folders.
[2020.01.23-21.24.14:747][  0]LogLoad: (Engine Initialization) Total time: 8.91 seconds
[2020.01.23-21.24.14:747][  0]LogLoad: (Engine Initialization) Total Blueprint compile time: 0.00 seconds
[2020.01.23-21.24.14:810][  0]LogContentStreaming: Texture pool size now 1000 MB
[2020.01.23-21.24.15:324][  7]LogSlate: Took 0.006686 seconds to synchronously load lazily loaded font '../../../Engine/Content/Slate/Fonts/Roboto-Light.ttf' (167K)
[2020.01.23-21.24.15:432][  9]LogAssetRegistry: Asset discovery search completed in 6.6051 seconds
[2020.01.23-21.24.15:436][  9]LogCollectionManager: Rebuilt the object cache for 0 collections in 0.000005 seconds (found 0 objects)
[2020.01.23-21.24.15:436][  9]LogCollectionManager: Fixed up redirectors for 0 collections in 0.000068 seconds (updated 0 objects)
[2020.01.23-21.24.15:793][ 39]LogSlate: Took 0.000188 seconds to synchronously load lazily loaded font '../../../Engine/Content/Slate/Fonts/Roboto-Light.ttf' (167K)
[2020.01.23-21.24.19:375][383]LogSlate: FSceneViewport::OnFocusLost() reason 0
[2020.01.23-21.24.21:183][553]LogSlate: FSceneViewport::OnFocusLost() reason 0
[2020.01.23-21.24.23:241][568]LogBlueprint: Warning: [Compiler BP_Weapon_Base] Input pin  Method  specifying non-default value no longer exists on node  Make PostProcessSettings . Please refresh node or reset pin to default value to remove pin.
[2020.01.23-21.24.23:242][568]LogBlueprint: Warning: [Compiler BP_Weapon_Base] Input pin  Max Bokeh Size  specifying non-default value no longer exists on node  Make PostProcessSettings . Please refresh node or reset pin to default value to remove pin.
[2020.01.23-21.24.24:731][568]LogAssetEditorManager: Opening Asset editor for Blueprint /Game/BP/Character/BP-Enemy.BP-Enemy
[2020.01.23-21.24.25:173][568]LogContentBrowser: Native class hierarchy updated for 'BlueprintGraph' in 0.0006 seconds. Added 121 classes and 0 folders.
[2020.01.23-21.24.26:207][568]LogSlate: Took 0.007374 seconds to synchronously load lazily loaded font '../../../Engine/Content/Slate/Fonts/Roboto-BoldCondensed.ttf' (158K)
[2020.01.23-21.24.26:323][569]LogScript: Warning: Accessed None trying to read property Character
	ABP_PC_C /Engine/Transient.World_2:PersistentLevel.SkeletalMeshActor_0.SkeletalMeshComponent0.ABP_PC_C_0
	Function /Game/BP/Character/ABP_PC.ABP_PC_C:ExecuteUbergraph_ABP_PC:0042
[2020.01.23-21.24.26:323][569]LogScript: Warning: Accessed None trying to read property Character
	ABP_PC_C /Engine/Transient.World_2:PersistentLevel.SkeletalMeshActor_0.SkeletalMeshComponent0.ABP_PC_C_0
	Function /Game/BP/Character/ABP_PC.ABP_PC_C:ExecuteUbergraph_ABP_PC:008A
[2020.01.23-21.24.27:463][612]LogRenderer: Reallocating scene render targets to support 968x540 Format 10 NumSamples 1 (Frame:1).
[2020.01.23-21.24.28:928][673]LogSlate: Took 0.014072 seconds to synchronously load lazily loaded font '../../../Engine/Content/Slate/Fonts/Roboto-Italic.ttf' (157K)
[2020.01.23-21.24.50:089][366]LogTexture: Display: Building textures: T_Wraith_UpperBody_LunarOps_Mask2 (AutoDXT, 4096X4096)
[2020.01.23-21.24.50:089][366]LogTexture: Display: Building textures: T_Wraith_Upperbody_LunarOps_RGBA (AutoDXT, 4096X4096)
[2020.01.23-21.24.50:089][366]LogTexture: Display: Building textures: T_Accessories_ts_DEMO (BC5, 4096X4096)
[2020.01.23-21.24.58:883][366]LogTexture: Display: Building textures: T_Wraith_UpperBody_LunarOps_Mask (AutoDXT, 4096X4096)
[2020.01.23-21.24.58:883][366]LogTexture: Display: Building textures: T_Wraith_attachment_LunarOps_RGB (AutoDXT, 4096X4096)
